현재 시각 : 2023-12-20 10:02:30, 토큰만료 시각: 2023-12-20 16:22:54
접근토큰이 유효하므로, 바로 진행하겠습니다.

Login : excel-editor-1

Loading...
TLT
BRK/B
XLU
AMZN
GOOG
MSFT
Received 'portfolio_input_nh1' from Google Sheet.

Login : excel-editor-2

Loading...
VTI
VEA
VWO
DBC
IAU
EDV
LTPZ
VCLT
EMLC
Received 'portfolio_input_nh2' from Google Sheet.

Loading...
Received market data from Ticker Book to 'portfolio_input_nh1'.

Loading...
Received market data from Ticker Book to 'portfolio_input_nh2'.

Loading...
Converted 'portfolio_dict_nh1' to estimate in Calculator.

Loading...
Converted 'portfolio_dict_nh2' to estimate in Calculator.

estimate_original) 아래 계산표에 거래수수료(≈$0.831)는 포함되지 않음
  TLT : [ BOND| NASD| $ 98.89| 310주, $30655.90, 39.50%(40.00%)| 313주, $30952.57, 39.88%(40.00%)|   3주, $   296.67,-0.1220%| $ 98.81, $ 98.88 ]
BRK/B : [STOCK| NYSE| $361.80|  43주, $15557.40, 20.04%(20.00%)|  42주, $15195.60, 19.58%(20.00%)|  -1주, $  -361.80,-0.4226%| $361.40, $361.89 ]
  XLU : [STOCK| AMEX| $ 63.59| 120주, $ 7630.80,  9.83%(10.00%)| 122주, $ 7757.98, 10.00%(10.00%)|   2주, $   127.18,-0.0049%| $ 58.04, $ 69.01 ]
 AMZN : [STOCK| NASD| $153.79|  50주, $ 7689.50,  9.91%(10.00%)|  50주, $ 7689.50,  9.91%(10.00%)|   0주, $     0.00,-0.0932%| $153.51, $153.60 ]
 GOOG : [STOCK| NASD| $138.10|  55주, $ 7595.50,  9.79%(10.00%)|  56주, $ 7733.60,  9.96%(10.00%)|   1주, $   138.10,-0.0364%| $138.09, $138.10 ]
 MSFT : [STOCK| NASD| $373.26|  20주, $ 7465.20,  9.62%(10.00%)|  20주, $ 7465.20,  9.62%(10.00%)|   0주, $     0.00,-0.3822%| $372.77, $373.24 ]
 Cash :                      |    (**)$ 1023.91,  1.32%       |        $  823.76,  1.06%        |                          |
-----------------------------------------------------------------------------------------------------------------------------
 $Sum :                      |     (*)$77618.21,100.00%       |        $77618.21,100.00%        |        $  200.15         |
 ₩Sum :                      |        101268478원               |        101268478원               |          261135원         |
(*    : 해외주식평가금[실시간]($76594.30)에 주문가능현금($1023.91)을 더한 값)

아래 계산표에 거래수수료(≈$0.449)는 포함되지 않음
  TLT : [ BOND| NASD| $ 98.89| 310주, $30655.90, 50.23%(50.00%)| 313주, $30952.57, 49.87%(50.00%)|   3주, $   296.67,-0.1254%| $ 98.81, $ 98.88 ]
  XLU : [STOCK| AMEX| $ 63.59| 120주, $ 7630.80, 12.50%(12.50%)| 121주, $ 7694.39, 12.40%(12.50%)|   1주, $    63.59,-0.1019%| $ 58.04, $ 69.01 ]
 AMZN : [STOCK| NASD| $153.79|  50주, $ 7689.50, 12.60%(12.50%)|  50주, $ 7689.50, 12.39%(12.50%)|   0주, $     0.00,-0.1097%| $153.51, $153.60 ]
 GOOG : [STOCK| NASD| $138.10|  55주, $ 7595.50, 12.44%(12.50%)|  56주, $ 7733.60, 12.46%(12.50%)|   1주, $   138.10,-0.0387%| $138.09, $138.10 ]
 MSFT : [STOCK| NASD| $373.26|  20주, $ 7465.20, 12.23%(12.50%)|  20주, $ 7465.20, 12.03%(12.50%)|   0주, $     0.00,-0.4712%| $372.77, $373.24 ]
 Cash :                      |    (**)$ 1023.91,  1.65%       |        $  525.55,  0.85%        |                          |
-----------------------------------------------------------------------------------------------------------------------------
 $Sum :                      |     (*)$62060.81,101.65%       |        $62060.81,100.00%        |        $  498.36         |
 ₩Sum :                      |        80970739원               |        80970739원               |          650210원         |
(*    : 해외주식평가금[실시간]($61036.90)에 주문가능현금($1023.91)을 더한 값)

estimate_adjusted_1) 아래 계산표에 거래수수료(≈$0.449)는 포함되지 않음
  TLT : [ BOND| NASD| $ 98.89| 310주, $30655.90, 39.50%(40.00%)| 313주, $30952.57, 39.88%(40.00%)|   3주, $   296.67,-0.1220%| $ 98.81, $ 98.88 ]
BRK/B : [STOCK| NYSE| $361.80|  43주, $15557.40, 20.04%(20.00%)|  43주, $15557.40, 20.04%(20.00%)|   0주, $     0.00, 0.0435%| $361.40, $361.89 ]
  XLU : [STOCK| AMEX| $ 63.59| 120주, $ 7630.80,  9.83%(10.00%)| 121주, $ 7694.39,  9.91%(10.00%)|   1주, $    63.59,-0.0869%| $ 58.04, $ 69.01 ]
 AMZN : [STOCK| NASD| $153.79|  50주, $ 7689.50,  9.91%(10.00%)|  50주, $ 7689.50,  9.91%(10.00%)|   0주, $     0.00,-0.0932%| $153.51, $153.60 ]
 GOOG : [STOCK| NASD| $138.10|  55주, $ 7595.50,  9.79%(10.00%)|  56주, $ 7733.60,  9.96%(10.00%)|   1주, $   138.10,-0.0364%| $138.09, $138.10 ]
 MSFT : [STOCK| NASD| $373.26|  20주, $ 7465.20,  9.62%(10.00%)|  20주, $ 7465.20,  9.62%(10.00%)|   0주, $     0.00,-0.3822%| $372.77, $373.24 ]
 Cash :                      |    (**)$ 1023.91,  1.32%       |        $  525.55,  0.68%        |                          |
-----------------------------------------------------------------------------------------------------------------------------
 $Sum :                      |     (*)$77618.21,100.00%       |        $77618.21,100.00%        |        $  498.36         |
 ₩Sum :                      |        101268478원               |        101268478원               |          650210원         |
(*    : 해외주식평가금[실시간]($76594.30)에 주문가능현금($1023.91)을 더한 값)

>> 이미 위의 계산표대로 주문하고 난 후, 낱개주문한다고 가정 (즉, 수수료 계산이 보수적임)

'XLU': -0.0049 'TLT': 0.0054 'MSFT': 0.0987 'AMZN': 0.1050 'GOOG': 0.1416 'BRK/B': 0.5096 
 XLU  (+1)     // 1.0020 * 1.0009 * $63.59(0.2%상향매수 * 0.09%거래수수료 * 현재가)로 낱개구매 후 예상잔액 :$461.78

'TLT': 0.0054 'XLU': 0.0770 'MSFT': 0.0987 'AMZN': 0.1050 'GOOG': 0.1416 'BRK/B': 0.5096 
 TLT  (+1)     // 1.0020 * 1.0009 * $98.89(0.2%상향매수 * 0.09%거래수수료 * 현재가)로 낱개구매 후 예상잔액 :$362.60

'XLU': 0.0770 'AMZN': 0.1050 'TLT': 0.1328 'GOOG': 0.1416 
 XLU  (+1)     // 1.0020 * 1.0009 * $63.59(0.2%상향매수 * 0.09%거래수수료 * 현재가)로 낱개구매 후 예상잔액 :$298.82

'AMZN': 0.1050 'TLT': 0.1328 'GOOG': 0.1416 'XLU': 0.1589 
 AMZN (+1)     // 1.0020 * 1.0009 * $153.79(0.2%상향매수 * 0.09%거래수수료 * 현재가)로 낱개구매 후 예상잔액 :$144.59

'TLT': 0.1328 'GOOG': 0.1416 'XLU': 0.1589 
 TLT  (+1)     // 1.0020 * 1.0009 * $98.89(0.2%상향매수 * 0.09%거래수수료 * 현재가)로 낱개구매 후 예상잔액 :$45.41

FINISHED

estimate_adjusted_2) 아래 계산표에 거래수수료(≈$0.879)는 포함되지 않음
  TLT : [ BOND| NASD| $ 98.89| 310주, $30655.90, 39.50%(40.00%)| 315주, $31150.35, 40.13%(40.00%)|   5주, $   494.45, 0.1328%| $ 98.81, $ 98.88 ]
BRK/B : [STOCK| NYSE| $361.80|  43주, $15557.40, 20.04%(20.00%)|  43주, $15557.40, 20.04%(20.00%)|   0주, $     0.00, 0.0435%| $361.40, $361.89 ]
  XLU : [STOCK| AMEX| $ 63.59| 120주, $ 7630.80,  9.83%(10.00%)| 123주, $ 7821.57, 10.08%(10.00%)|   3주, $   190.77, 0.0770%| $ 58.04, $ 69.01 ]
 AMZN : [STOCK| NASD| $153.79|  50주, $ 7689.50,  9.91%(10.00%)|  51주, $ 7843.29, 10.10%(10.00%)|   1주, $   153.79, 0.1050%| $153.51, $153.60 ]
 GOOG : [STOCK| NASD| $138.10|  55주, $ 7595.50,  9.79%(10.00%)|  56주, $ 7733.60,  9.96%(10.00%)|   1주, $   138.10,-0.0364%| $138.09, $138.10 ]
 MSFT : [STOCK| NASD| $373.26|  20주, $ 7465.20,  9.62%(10.00%)|  20주, $ 7465.20,  9.62%(10.00%)|   0주, $     0.00,-0.3822%| $372.77, $373.24 ]
 Cash :                      |    (**)$ 1023.91,  1.32%       |        $   46.80,  0.06%        |                          |
-----------------------------------------------------------------------------------------------------------------------------
 $Sum :                      |     (*)$77618.21,100.00%       |        $77618.21,100.00%        |        $  977.11         |
 ₩Sum :                      |        101268478원               |        101268478원               |         1274835원         |
(*    : 해외주식평가금[실시간]($76594.30)에 주문가능현금($1023.91)을 더한 값)








estimate_original) 아래 계산표에 거래수수료(≈$3.027)는 포함되지 않음
  VTI : [STOCK| AMEX| $238.06|  38주, $ 9046.28, 11.65%(12.00%)|  39주, $ 9284.34, 11.96%(12.00%)|   1주, $   238.06,-0.0385%| $237.75, $238.04 ]
  VEA : [STOCK| AMEX| $ 47.10| 200주, $ 9420.00, 12.14%(12.00%)| 197주, $ 9278.70, 11.95%(12.00%)|  -3주, $  -141.30,-0.0457%| $ 47.00, $ 51.13 ]
  VWO : [STOCK| AMEX| $ 40.48| 220주, $ 8905.60, 11.47%(12.00%)| 230주, $ 9310.40, 12.00%(12.00%)|  10주, $   404.80,-0.0049%| $ 39.90, $ 40.62 ]
  DBC : [ALTER| AMEX| $ 22.49| 250주, $ 5622.50,  7.24%( 7.00%)| 241주, $ 5420.09,  6.98%( 7.00%)|  -9주, $  -202.41,-0.0170%| $ 20.49, $ 24.53 ]
  IAU : [ALTER| AMEX| $ 38.62| 130주, $ 5020.60,  6.47%( 7.00%)| 140주, $ 5406.80,  6.97%( 7.00%)|  10주, $   386.20,-0.0341%| $ 38.63, $ 38.64 ]
  EDV : [ BOND| AMEX| $ 81.85| 180주, $14733.00, 18.98%(18.00%)| 170주, $13914.50, 17.93%(18.00%)| -10주, $  -818.50,-0.0731%| $ 81.85, $ 88.90 ]
 LTPZ : [ BOND| AMEX| $ 56.98| 230주, $13105.40, 16.88%(18.00%)| 245주, $13960.10, 17.99%(18.00%)|  15주, $   854.70,-0.0144%| $ 56.98, $ 57.02 ]
 VCLT : [ BOND| NASD| $ 80.13|  70주, $ 5609.10,  7.23%( 7.00%)|  67주, $ 5368.71,  6.92%( 7.00%)|  -3주, $  -240.39,-0.0832%| $ 80.15, $ 81.00 ]
 EMLC : [ BOND| AMEX| $ 25.50| 210주, $ 5355.00,  6.90%( 7.00%)| 213주, $ 5431.50,  7.00%( 7.00%)|   3주, $    76.50,-0.0023%| $ 25.02, $ 26.00 ]
 Cash :                      |    (**)$  800.73,  1.03%       |        $  243.07,  0.31%        |                          |
-----------------------------------------------------------------------------------------------------------------------------
 $Sum :                      |     (*)$77618.21,100.00%       |        $77618.21,100.00%        |        $  557.66         |
 ₩Sum :                      |        101268476원               |        101268476원               |          727579원         |
(*    : 해외주식평가금[실시간]($76817.48)에 주문가능현금($800.73)을 더한 값)

아래 계산표에 거래수수료(≈$0.797)는 포함되지 않음
  VTI : [STOCK| AMEX| $238.06|  38주, $ 9046.28, 21.83%(21.43%)|  38주, $ 9046.28, 21.42%(21.43%)|   0주, $     0.00,-0.0089%| $237.75, $238.04 ]
  VWO : [STOCK| AMEX| $ 40.48| 220주, $ 8905.60, 21.49%(21.43%)| 223주, $ 9027.04, 21.37%(21.43%)|   3주, $   121.44,-0.0545%| $ 39.90, $ 40.62 ]
  IAU : [ALTER| AMEX| $ 38.62| 130주, $ 5020.60, 12.12%(12.50%)| 136주, $ 5252.32, 12.44%(12.50%)|   6주, $   231.72,-0.0636%| $ 38.63, $ 38.64 ]
 LTPZ : [ BOND| AMEX| $ 56.98| 230주, $13105.40, 31.63%(32.14%)| 238주, $13561.24, 32.11%(32.14%)|   8주, $   455.84,-0.0328%| $ 56.98, $ 57.02 ]
 EMLC : [ BOND| AMEX| $ 25.50| 210주, $ 5355.00, 12.92%(12.50%)| 207주, $ 5278.50, 12.50%(12.50%)|  -3주, $   -76.50,-0.0017%| $ 25.02, $ 26.00 ]
 Cash :                      |    (**)$  800.73,  1.90%       |        $   68.23,  0.16%        |                          |
-----------------------------------------------------------------------------------------------------------------------------
 $Sum :                      |     (*)$42233.61,101.90%       |        $42233.61,100.00%        |        $  732.50         |
 ₩Sum :                      |        55102188원               |        55102188원               |          955692원         |
(*    : 해외주식평가금[실시간]($41432.88)에 주문가능현금($800.73)을 더한 값)

아래 계산표에 거래수수료(≈$0.891)는 포함되지 않음
  VTI : [STOCK| AMEX| $238.06|  38주, $ 9046.28, 25.07%(24.49%)|  37주, $ 8808.22, 23.88%(24.49%)|  -1주, $  -238.06,-0.6054%| $237.75, $238.04 ]
  VWO : [STOCK| AMEX| $ 40.48| 220주, $ 8905.60, 24.68%(24.49%)| 223주, $ 9027.04, 24.48%(24.49%)|   3주, $   121.44,-0.0121%| $ 39.90, $ 40.62 ]
  IAU : [ALTER| AMEX| $ 38.62| 130주, $ 5020.60, 13.92%(14.29%)| 136주, $ 5252.32, 14.24%(14.29%)|   6주, $   231.72,-0.0435%| $ 38.63, $ 38.64 ]
 LTPZ : [ BOND| AMEX| $ 56.98| 230주, $13105.40, 36.33%(36.73%)| 237주, $13504.26, 36.62%(36.73%)|   7주, $   398.86,-0.1166%| $ 56.98, $ 57.02 ]
 Cash :                      |    (**)$  800.73,  2.17%       |        $  286.77,  0.78%        |                          |
-----------------------------------------------------------------------------------------------------------------------------
 $Sum :                      |     (*)$36878.61,102.17%       |        $36878.61,100.00%        |        $  513.96         |
 ₩Sum :                      |        48115519원               |        48115519원               |          670563원         |
(*    : 해외주식평가금[실시간]($36077.88)에 주문가능현금($800.73)을 더한 값)

아래 계산표에 거래수수료(≈$0.640)는 포함되지 않음
  VWO : [STOCK| AMEX| $ 40.48| 220주, $ 8905.60, 32.95%(32.43%)| 222주, $ 8986.56, 32.29%(32.43%)|   2주, $    80.96,-0.1442%| $ 39.90, $ 40.62 ]
  IAU : [ALTER| AMEX| $ 38.62| 130주, $ 5020.60, 18.57%(18.92%)| 136주, $ 5252.32, 18.87%(18.92%)|   6주, $   231.72,-0.0476%| $ 38.63, $ 38.64 ]
 LTPZ : [ BOND| AMEX| $ 56.98| 230주, $13105.40, 48.48%(48.65%)| 237주, $13504.26, 48.52%(48.65%)|   7주, $   398.86,-0.1286%| $ 56.98, $ 57.02 ]
 Cash :                      |    (**)$  800.73,  2.88%       |        $   89.19,  0.32%        |                          |
-----------------------------------------------------------------------------------------------------------------------------
 $Sum :                      |     (*)$27832.33,102.88%       |        $27832.33,100.00%        |        $  711.54         |
 ₩Sum :                      |        36312838원               |        36312838원               |          928346원         |
(*    : 해외주식평가금[실시간]($27031.60)에 주문가능현금($800.73)을 더한 값)

estimate_adjusted_1) 아래 계산표에 거래수수료(≈$0.640)는 포함되지 않음
  VTI : [STOCK| AMEX| $238.06|  38주, $ 9046.28, 11.65%(12.00%)|  38주, $ 9046.28, 11.65%(12.00%)|   0주, $     0.00,-0.3452%| $237.75, $238.04 ]
  VEA : [STOCK| AMEX| $ 47.10| 200주, $ 9420.00, 12.14%(12.00%)| 200주, $ 9420.00, 12.14%(12.00%)|   0주, $     0.00, 0.1363%| $ 47.00, $ 51.13 ]
  VWO : [STOCK| AMEX| $ 40.48| 220주, $ 8905.60, 11.47%(12.00%)| 222주, $ 8986.56, 11.58%(12.00%)|   2주, $    80.96,-0.4221%| $ 39.90, $ 40.62 ]
  DBC : [ALTER| AMEX| $ 22.49| 250주, $ 5622.50,  7.24%( 7.00%)| 250주, $ 5622.50,  7.24%( 7.00%)|   0주, $     0.00, 0.2438%| $ 20.49, $ 24.53 ]
  IAU : [ALTER| AMEX| $ 38.62| 130주, $ 5020.60,  6.47%( 7.00%)| 136주, $ 5252.32,  6.77%( 7.00%)|   6주, $   231.72,-0.2331%| $ 38.63, $ 38.64 ]
  EDV : [ BOND| AMEX| $ 81.85| 180주, $14733.00, 18.98%(18.00%)| 180주, $14733.00, 18.98%(18.00%)|   0주, $     0.00, 0.9814%| $ 81.85, $ 88.90 ]
 LTPZ : [ BOND| AMEX| $ 56.98| 230주, $13105.40, 16.88%(18.00%)| 237주, $13504.26, 17.40%(18.00%)|   7주, $   398.86,-0.6017%| $ 56.98, $ 57.02 ]
 VCLT : [ BOND| NASD| $ 80.13|  70주, $ 5609.10,  7.23%( 7.00%)|  70주, $ 5609.10,  7.23%( 7.00%)|   0주, $     0.00, 0.2265%| $ 80.15, $ 81.00 ]
 EMLC : [ BOND| AMEX| $ 25.50| 210주, $ 5355.00,  6.90%( 7.00%)| 210주, $ 5355.00,  6.90%( 7.00%)|   0주, $     0.00,-0.1008%| $ 25.02, $ 26.00 ]
 Cash :                      |    (**)$  800.73,  1.03%       |        $   89.19,  0.11%        |                          |
-----------------------------------------------------------------------------------------------------------------------------
 $Sum :                      |     (*)$77618.21,100.00%       |        $77618.21,100.00%        |        $  711.54         |
 ₩Sum :                      |        101268476원               |        101268476원               |          928346원         |
(*    : 해외주식평가금[실시간]($76817.48)에 주문가능현금($800.73)을 더한 값)

>> 이미 위의 계산표대로 주문하고 난 후, 낱개주문한다고 가정 (즉, 수수료 계산이 보수적임)

'LTPZ': -0.5283 'VWO': -0.3699 'IAU': -0.1834 'EMLC': -0.0680 'VEA': 0.1970 'DBC': 0.2728 'VCLT': 0.3298 'EDV': 1.0868 
 LTPZ (+1)     // 1.0020 * 1.0009 * $56.98(0.2%상향매수 * 0.09%거래수수료 * 현재가)로 낱개구매 후 예상잔액 :$32.04

'EMLC': -0.0680 'DBC': 0.2728 
 EMLC (+1)     // 1.0020 * 1.0009 * $25.5(0.2%상향매수 * 0.09%거래수수료 * 현재가)로 낱개구매 후 예상잔액 :$6.47

FINISHED

estimate_adjusted_2) 아래 계산표에 거래수수료(≈$0.715)는 포함되지 않음
  VTI : [STOCK| AMEX| $238.06|  38주, $ 9046.28, 11.65%(12.00%)|  38주, $ 9046.28, 11.65%(12.00%)|   0주, $     0.00,-0.3452%| $237.75, $238.04 ]
  VEA : [STOCK| AMEX| $ 47.10| 200주, $ 9420.00, 12.14%(12.00%)| 200주, $ 9420.00, 12.14%(12.00%)|   0주, $     0.00, 0.1363%| $ 47.00, $ 51.13 ]
  VWO : [STOCK| AMEX| $ 40.48| 220주, $ 8905.60, 11.47%(12.00%)| 222주, $ 8986.56, 11.58%(12.00%)|   2주, $    80.96,-0.4221%| $ 39.90, $ 40.62 ]
  DBC : [ALTER| AMEX| $ 22.49| 250주, $ 5622.50,  7.24%( 7.00%)| 250주, $ 5622.50,  7.24%( 7.00%)|   0주, $     0.00, 0.2438%| $ 20.49, $ 24.53 ]
  IAU : [ALTER| AMEX| $ 38.62| 130주, $ 5020.60,  6.47%( 7.00%)| 136주, $ 5252.32,  6.77%( 7.00%)|   6주, $   231.72,-0.2331%| $ 38.63, $ 38.64 ]
  EDV : [ BOND| AMEX| $ 81.85| 180주, $14733.00, 18.98%(18.00%)| 180주, $14733.00, 18.98%(18.00%)|   0주, $     0.00, 0.9814%| $ 81.85, $ 88.90 ]
 LTPZ : [ BOND| AMEX| $ 56.98| 230주, $13105.40, 16.88%(18.00%)| 238주, $13561.24, 17.47%(18.00%)|   8주, $   455.84,-0.5283%| $ 56.98, $ 57.02 ]
 VCLT : [ BOND| NASD| $ 80.13|  70주, $ 5609.10,  7.23%( 7.00%)|  70주, $ 5609.10,  7.23%( 7.00%)|   0주, $     0.00, 0.2265%| $ 80.15, $ 81.00 ]
 EMLC : [ BOND| AMEX| $ 25.50| 210주, $ 5355.00,  6.90%( 7.00%)| 211주, $ 5380.50,  6.93%( 7.00%)|   1주, $    25.50,-0.0680%| $ 25.02, $ 26.00 ]
 Cash :                      |    (**)$  800.73,  1.03%       |        $    6.71,  0.01%        |                          |
-----------------------------------------------------------------------------------------------------------------------------
 $Sum :                      |     (*)$77618.21,100.00%       |        $77618.21,100.00%        |        $  794.02         |
 ₩Sum :                      |        101268476원               |        101268476원               |         1035957원         |
(*    : 해외주식평가금[실시간]($76817.48)에 주문가능현금($800.73)을 더한 값)

portfolio_output_nh1.json에 결과지를 남겼습니다.
portfolio_output_nh2.json에 결과지를 남겼습니다.

실행 시간: 36.30157 초

