현재 시각 : 2023-12-20 09:33:38, 토큰만료 시각: 2023-12-20 16:22:54
접근토큰이 유효하므로, 바로 진행하겠습니다.

Login : excel-editor-1

portfolio_output_nh1) 아래 계산표에 거래수수료(≈$0.203)는 포함되지 않음
  TLT : [ BOND| NASD| $ 98.89| 310주, $30655.90, 39.90%(40.00%)| 311주, $30754.79, 40.03%(40.00%)|   1주, $    98.89, 0.0323%| $ 98.81, $ 98.88 ]
BRK/B : [STOCK| NYSE| $361.80|  43주, $15557.40, 20.25%(20.00%)|  43주, $15557.40, 20.25%(20.00%)|   0주, $     0.00, 0.2505%| $361.40, $361.89 ]
  XLU : [STOCK| AMEX| $ 63.59| 120주, $ 7630.80,  9.93%(10.00%)| 122주, $ 7757.98, 10.10%(10.00%)|   2주, $   127.18, 0.0983%| $ 58.04, $ 69.01 ]
 AMZN : [STOCK| NASD| $153.79|  50주, $ 7689.50, 10.01%(10.00%)|  50주, $ 7689.50, 10.01%(10.00%)|   0주, $     0.00, 0.0091%| $153.51, $153.60 ]
 GOOG : [STOCK| NASD| $138.10|  55주, $ 7595.50,  9.89%(10.00%)|  55주, $ 7595.50,  9.89%(10.00%)|   0주, $     0.00,-0.1132%| $138.09, $138.10 ]
 MSFT : [STOCK| NASD| $373.26|  20주, $ 7465.20,  9.72%(10.00%)|  20주, $ 7465.20,  9.72%(10.00%)|   0주, $     0.00,-0.2828%| $372.77, $373.24 ]
 Cash :                      |    (**)$  230.64,  0.30%       |        $    4.57,  0.01%        |                          |
-----------------------------------------------------------------------------------------------------------------------------
 $Sum :                      |     (*)$76824.94,100.00%       |        $76824.94,100.00%        |        $  226.07         |
 ₩Sum :                      |        100233501원               |        100233501원               |          294953원         |
(*    : 해외주식평가금[실시간]($76594.30)에 주문가능현금($230.64)을 더한 값)

portfolio_output_nh2) 아래 계산표에 거래수수료(≈$0.058)는 포함되지 않음
  VTI : [STOCK| AMEX| $238.06|  38주, $ 9046.28, 11.76%(12.00%)|  38주, $ 9046.28, 11.76%(12.00%)|   0주, $     0.00,-0.2354%| $237.75, $238.04 ]
  VEA : [STOCK| AMEX| $ 47.10| 200주, $ 9420.00, 12.25%(12.00%)| 200주, $ 9420.00, 12.25%(12.00%)|   0주, $     0.00, 0.2506%| $ 47.00, $ 51.13 ]
  VWO : [STOCK| AMEX| $ 40.48| 220주, $ 8905.60, 11.58%(12.00%)| 220주, $ 8905.60, 11.58%(12.00%)|   0주, $     0.00,-0.4184%| $ 39.90, $ 40.62 ]
  DBC : [ALTER| AMEX| $ 22.49| 250주, $ 5622.50,  7.31%( 7.00%)| 250주, $ 5622.50,  7.31%( 7.00%)|   0주, $     0.00, 0.3120%| $ 20.49, $ 24.53 ]
  IAU : [ALTER| AMEX| $ 38.62| 130주, $ 5020.60,  6.53%( 7.00%)| 131주, $ 5059.22,  6.58%( 7.00%)|   1주, $    38.62,-0.4206%| $ 38.63, $ 38.64 ]
  EDV : [ BOND| AMEX| $ 81.85| 180주, $14733.00, 19.16%(18.00%)| 180주, $14733.00, 19.16%(18.00%)|   0주, $     0.00, 1.1601%| $ 81.85, $ 88.90 ]
 LTPZ : [ BOND| AMEX| $ 56.98| 230주, $13105.40, 17.04%(18.00%)| 230주, $13105.40, 17.04%(18.00%)|   0주, $     0.00,-0.9566%| $ 56.98, $ 57.02 ]
 VCLT : [ BOND| NASD| $ 80.13|  70주, $ 5609.10,  7.29%( 7.00%)|  70주, $ 5609.10,  7.29%( 7.00%)|   0주, $     0.00, 0.2946%| $ 80.15, $ 81.00 ]
 EMLC : [ BOND| AMEX| $ 25.50| 210주, $ 5355.00,  6.96%( 7.00%)| 211주, $ 5380.50,  7.00%( 7.00%)|   1주, $    25.50,-0.0027%| $ 25.02, $ 26.00 ]
 Cash :                      |    (**)$   76.88,  0.10%       |        $   12.76,  0.02%        |                          |
-----------------------------------------------------------------------------------------------------------------------------
 $Sum :                      |     (*)$76894.36,100.00%       |        $76894.36,100.00%        |        $   64.12         |
 ₩Sum :                      |        100324072원               |        100324072원               |           83657원         |
(*    : 해외주식평가금[실시간]($76817.48)에 주문가능현금($76.88)을 더한 값)

portfolio_output_ki) 아래 계산표에 거래수수료(≈$6.269)는 포함되지 않음
  USO : [ALTER| AMEX| $ 69.36| 110주, $ 7629.60,  9.83%(10.00%)| 112주, $ 7768.32, 10.01%(10.00%)|   2주, $   138.72, 0.0110%| $ 69.12, $ 69.17 ]
  IAU : [ALTER| AMEX| $ 38.62|  79주, $ 3050.98,  3.93%( 4.00%)|  81주, $ 3128.22,  4.03%( 4.00%)|   2주, $    77.24, 0.0313%| $ 38.63, $ 38.64 ]
  DBC : [ALTER| AMEX| $ 22.49|  68주, $ 1529.32,  1.97%( 2.00%)|  71주, $ 1596.79,  2.06%( 2.00%)|   3주, $    67.47, 0.0578%| $ 20.49, $ 24.53 ]
  EWJ : [STOCK| AMEX| $ 63.24| 120주, $ 7588.80,  9.78%(10.00%)| 123주, $ 7778.52, 10.02%(10.00%)|   3주, $   189.72, 0.0241%| $ 57.66, $ 68.71 ]
  VOO : [STOCK| AMEX| $438.19|  17주, $ 7449.23,  9.60%(10.00%)|  17주, $ 7449.23,  9.60%(10.00%)|   0주, $     0.00,-0.4002%| $437.89, $437.94 ]
  VTI : [STOCK| AMEX| $238.06|  25주, $ 5951.50,  7.67%( 8.00%)|  26주, $ 6189.56,  7.98%( 8.00%)|   1주, $   238.06,-0.0236%| $237.75, $238.04 ]
 MCHI : [STOCK| NASD| $ 41.35| 112주, $ 4631.20,  5.97%( 6.00%)| 113주, $ 4672.55,  6.02%( 6.00%)|   1주, $    41.35, 0.0215%| $ 41.22, $ 41.51 ]
  EWH : [STOCK| AMEX| $ 17.36| 266주, $ 4617.76,  5.95%( 6.00%)| 272주, $ 4721.92,  6.09%( 6.00%)|   6주, $   104.16, 0.0851%| $ 17.38, $ 18.99 ]
  EZA : [STOCK| AMEX| $ 41.52| 110주, $ 4567.20,  5.89%( 6.00%)| 113주, $ 4691.76,  6.05%( 6.00%)|   3주, $   124.56, 0.0462%| $ 40.01, $ 44.51 ]
  VWO : [STOCK| AMEX| $ 40.48| 108주, $ 4371.84,  5.63%( 6.00%)| 116주, $ 4695.68,  6.05%( 6.00%)|   8주, $   323.84, 0.0513%| $ 39.90, $ 40.62 ]
  EWG : [STOCK| AMEX| $ 29.58|  76주, $ 2248.08,  2.90%( 3.00%)|   0주, $    0.00,  0.00%( 0.00%)| -76주, $ -2248.08, 0.0000%| $ 29.45, $ 29.70 ]
  EWC : [STOCK| AMEX| $ 36.61|  63주, $ 2306.43,  2.97%( 3.00%)| 128주, $ 4686.08,  6.04%( 6.00%)|  65주, $  2379.65, 0.0389%| $ 36.10, $ 39.97 ]
  EDV : [ BOND| AMEX| $ 81.85| 101주, $ 8266.85, 10.65%(10.00%)|  95주, $ 7775.75, 10.02%(10.00%)|  -6주, $  -491.10, 0.0205%| $ 81.85, $ 88.90 ]
 LTPZ : [ BOND| AMEX| $ 56.98| 126주, $ 7179.48,  9.25%( 9.00%)| 123주, $ 7008.54,  9.03%( 9.00%)|  -3주, $  -170.94, 0.0318%| $ 56.98, $ 57.02 ]
  IEF : [ BOND| NASD| $ 95.96|  26주, $ 2494.96,  3.22%( 3.00%)|  24주, $ 2303.04,  2.97%( 3.00%)|  -2주, $  -191.92,-0.0321%| $ 95.89, $ 95.91 ]
 EMLC : [ BOND| AMEX| $ 25.50|  58주, $ 1479.00,  1.91%( 2.00%)|  62주, $ 1581.00,  2.04%( 2.00%)|   4주, $   102.00, 0.0374%| $ 25.02, $ 26.00 ]
  HYG : [ BOND| AMEX| $ 77.20|  19주, $ 1466.80,  1.89%( 2.00%)|  20주, $ 1544.00,  1.99%( 2.00%)|   1주, $    77.20,-0.0103%| $ 77.18, $ 77.20 ]
 Cash :                      |    (**)$  769.04,  0.99%       |        $    7.11,  0.01%        |                          |
-----------------------------------------------------------------------------------------------------------------------------
 $Sum :                      |     (*)$77598.07,100.00%       |        $77598.07,100.00%        |        $  761.93         |
 ₩Sum :                      |        101242203원               |        101242203원               |          994090원         |
(*    : 해외주식평가금[실시간]($76829.03)에 주문가능현금($769.04)을 더한 값)

g_row_stack_pointer_ki : 43

Loading...
TLT TLT
BRK.B BRK.B
XLU XLU
AMZN AMZN
GOOG GOOG
MSFT MSFT
Updated target qty of 'portfolio_dict_nh1' to Google Sheet.

Loading...
VTI VTI
VEA VEA
VWO VWO
DBC DBC
IAU IAU
EDV EDV
LTPZ LTPZ
VCLT VCLT
EMLC EMLC
Updated target qty of 'portfolio_dict_nh2' to Google Sheet.

Loading...
USO USO
IAU IAU
DBC DBC
EWJ EWJ
VOO VOO
VTI VTI
MCHI MCHI
EWH EWH
EZA EZA
VWO VWO
EWG EWG
EWC EWC
EDV EDV
LTPZ LTPZ
IEF IEF
EMLC EMLC
HYG HYG
Updated target qty of 'portfolio_dict_ki' to Google Sheet.

실행 시간: 28.65168 초
