현재 시각 : 2023-12-20 09:32:54, 토큰만료 시각: 2023-12-20 16:22:54
접근토큰이 유효하므로, 바로 진행하겠습니다.

Login : excel-editor-3

Loading...
USO
IAU
DBC
EWJ
VOO
VTI
MCHI
EWH
EZA
VWO
EWG
EWC
EDV
LTPZ
IEF
EMLC
HYG
43 - 26 = 17 (총 17 종목 : 기존종목, 신규종목, 이탈종목 포함)
Received 'portfolio_input_ki' from Google Sheet.

Login : excel-editor-4

Loading...
USO
IAU
DBC
EWJ
VOO
VTI
MCHI
EWH
EZA
VWO
EWG
EWC
EDV
LTPZ
IEF
EMLC
HYG
43 - 26 = 17 (총 17 종목 : 기존종목, 신규종목, 이탈종목 포함)
Received 'portfolio_input_ki' from Google Sheet : (1/2)

Login : excel-editor-5

Loading...
USO
IAU
DBC
EWJ
VOO
VTI
MCHI
EWH
EZA
VWO
EWG
EWC
EDV
LTPZ
IEF
EMLC
HYG
43 - 26 = 17 (총 17 종목 : 기존종목, 신규종목, 이탈종목 포함)
Received 'portfolio_input_ki' from Google Sheet : (2/2)

Loading...
Received market data from Ticker Book to 'portfolio_input_ki'.

Loading...
Converted 'portfolio_dict_ki' to estimate in Calculator.

estimate_original) 아래 계산표에 거래수수료(≈$5.947)는 포함되지 않음
  USO : [ALTER| AMEX| $ 69.36| 110주, $ 7629.60,  9.83%(10.00%)| 111주, $ 7698.96,  9.92%(10.00%)|   1주, $    69.36,-0.0784%| $ 69.12, $ 69.17 ]
  IAU : [ALTER| AMEX| $ 38.62|  79주, $ 3050.98,  3.93%( 4.00%)|  80주, $ 3089.60,  3.98%( 4.00%)|   1주, $    38.62,-0.0185%| $ 38.63, $ 38.64 ]
  DBC : [ALTER| AMEX| $ 22.49|  68주, $ 1529.32,  1.97%( 2.00%)|  69주, $ 1551.81,  2.00%( 2.00%)|   1주, $    22.49,-0.0002%| $ 20.49, $ 24.53 ]
  EWJ : [STOCK| AMEX| $ 63.24| 120주, $ 7588.80,  9.78%(10.00%)| 122주, $ 7715.28,  9.94%(10.00%)|   2주, $   126.48,-0.0574%| $ 57.66, $ 68.71 ]
  VOO : [STOCK| AMEX| $438.19|  17주, $ 7449.23,  9.60%(10.00%)|  17주, $ 7449.23,  9.60%(10.00%)|   0주, $     0.00,-0.4002%| $437.89, $437.94 ]
  VTI : [STOCK| AMEX| $238.06|  25주, $ 5951.50,  7.67%( 8.00%)|  26주, $ 6189.56,  7.98%( 8.00%)|   1주, $   238.06,-0.0236%| $237.75, $238.04 ]
 MCHI : [STOCK| NASD| $ 41.35| 112주, $ 4631.20,  5.97%( 6.00%)| 112주, $ 4631.20,  5.97%( 6.00%)|   0주, $     0.00,-0.0318%| $ 41.22, $ 41.51 ]
  EWH : [STOCK| AMEX| $ 17.36| 266주, $ 4617.76,  5.95%( 6.00%)| 268주, $ 4652.48,  6.00%( 6.00%)|   2주, $    34.72,-0.0044%| $ 17.38, $ 18.99 ]
  EZA : [STOCK| AMEX| $ 41.52| 110주, $ 4567.20,  5.89%( 6.00%)| 112주, $ 4650.24,  5.99%( 6.00%)|   2주, $    83.04,-0.0073%| $ 40.01, $ 44.51 ]
  VWO : [STOCK| AMEX| $ 40.48| 108주, $ 4371.84,  5.63%( 6.00%)| 115주, $ 4655.20,  6.00%( 6.00%)|   7주, $   283.36,-0.0009%| $ 39.90, $ 40.62 ]
  EWG : [STOCK| AMEX| $ 29.58|  76주, $ 2248.08,  2.90%( 3.00%)|   0주, $    0.00,  0.00%( 0.00%)| -76주, $ -2248.08, 0.0000%| $ 29.45, $ 29.70 ]
  EWC : [STOCK| AMEX| $ 36.61|  63주, $ 2306.43,  2.97%( 3.00%)| 127주, $ 4649.47,  5.99%( 6.00%)|  64주, $  2343.04,-0.0083%| $ 36.10, $ 39.97 ]
  EDV : [ BOND| AMEX| $ 81.85| 101주, $ 8266.85, 10.65%(10.00%)|  94주, $ 7693.90,  9.92%(10.00%)|  -7주, $  -572.95,-0.0849%| $ 81.85, $ 88.90 ]
 LTPZ : [ BOND| AMEX| $ 56.98| 126주, $ 7179.48,  9.25%( 9.00%)| 122주, $ 6951.56,  8.96%( 9.00%)|  -4주, $  -227.92,-0.0416%| $ 56.98, $ 57.02 ]
  IEF : [ BOND| NASD| $ 95.96|  26주, $ 2494.96,  3.22%( 3.00%)|  24주, $ 2303.04,  2.97%( 3.00%)|  -2주, $  -191.92,-0.0321%| $ 95.89, $ 95.91 ]
 EMLC : [ BOND| AMEX| $ 25.50|  58주, $ 1479.00,  1.91%( 2.00%)|  60주, $ 1530.00,  1.97%( 2.00%)|   2주, $    51.00,-0.0283%| $ 25.02, $ 26.00 ]
  HYG : [ BOND| AMEX| $ 77.20|  19주, $ 1466.80,  1.89%( 2.00%)|  20주, $ 1544.00,  1.99%( 2.00%)|   1주, $    77.20,-0.0103%| $ 77.18, $ 77.20 ]
 Cash :                      |    (**)$  769.04,  0.99%       |        $  642.54,  0.83%        |                          |
-----------------------------------------------------------------------------------------------------------------------------
 $Sum :                      |     (*)$77598.07,100.00%       |        $77598.07,100.00%        |        $  126.50         |
 ₩Sum :                      |        101242203원               |        101242203원               |          165044원         |
(*    : 해외주식평가금[실시간]($76829.03)에 주문가능현금($769.04)을 더한 값)

>> 이미 위의 계산표대로 주문하고 난 후, 낱개주문한다고 가정 (즉, 수수료 계산이 보수적임)

'EMLC': 0.0046 'USO': 0.0110 'EWH': 0.0180 'EDV': 0.0205 'MCHI': 0.0215 'EWJ': 0.0241 'DBC': 0.0288 'IAU': 0.0313 'LTPZ': 0.0318 'EWC': 0.0389 'EZA': 0.0462 'VWO': 0.0513 'HYG': 0.0892 'IEF': 0.0916 'VOO': 0.1645 'VTI': 0.2832 
 EMLC (+1)     // 1.0020 * 1.0009 * $25.5(0.2%상향매수 * 0.09%거래수수료 * 현재가)로 낱개구매 후 예상잔액 :$616.97

'USO': 0.0110 'EWH': 0.0180 'EDV': 0.0205 'MCHI': 0.0215 'EWJ': 0.0241 'DBC': 0.0288 'IAU': 0.0313 'LTPZ': 0.0318 'EMLC': 0.0374 'EWC': 0.0389 'EZA': 0.0462 'VWO': 0.0513 'HYG': 0.0892 'IEF': 0.0916 'VOO': 0.1645 'VTI': 0.2832 
 USO  (+1)     // 1.0020 * 1.0009 * $69.36(0.2%상향매수 * 0.09%거래수수료 * 현재가)로 낱개구매 후 예상잔액 :$547.41

'EWH': 0.0180 'EDV': 0.0205 'MCHI': 0.0215 'EWJ': 0.0241 'DBC': 0.0288 'IAU': 0.0313 'LTPZ': 0.0318 'EMLC': 0.0374 'EWC': 0.0389 'EZA': 0.0462 'VWO': 0.0513 'HYG': 0.0892 'IEF': 0.0916 'USO': 0.1004 'VOO': 0.1645 'VTI': 0.2832 
 EWH  (+1)     // 1.0020 * 1.0009 * $17.36(0.2%상향매수 * 0.09%거래수수료 * 현재가)로 낱개구매 후 예상잔액 :$530.00

'EDV': 0.0205 'MCHI': 0.0215 'EWJ': 0.0241 'DBC': 0.0288 'IAU': 0.0313 'LTPZ': 0.0318 'EMLC': 0.0374 'EWC': 0.0389 'EWH': 0.0404 'EZA': 0.0462 'VWO': 0.0513 'HYG': 0.0892 'IEF': 0.0916 'USO': 0.1004 'VOO': 0.1645 'VTI': 0.2832 
 EDV  (+1)     // 1.0020 * 1.0009 * $81.85(0.2%상향매수 * 0.09%거래수수료 * 현재가)로 낱개구매 후 예상잔액 :$447.91

'MCHI': 0.0215 'EWJ': 0.0241 'DBC': 0.0288 'IAU': 0.0313 'LTPZ': 0.0318 'EMLC': 0.0374 'EWC': 0.0389 'EWH': 0.0404 'EZA': 0.0462 'VWO': 0.0513 'HYG': 0.0892 'IEF': 0.0916 'USO': 0.1004 'EDV': 0.1260 'VOO': 0.1645 'VTI': 0.2832 
 MCHI (+1)     // 1.0020 * 1.0009 * $41.35(0.2%상향매수 * 0.09%거래수수료 * 현재가)로 낱개구매 후 예상잔액 :$406.44

'EWJ': 0.0241 'DBC': 0.0288 'IAU': 0.0313 'LTPZ': 0.0318 'EMLC': 0.0374 'EWC': 0.0389 'EWH': 0.0404 'EZA': 0.0462 'VWO': 0.0513 'MCHI': 0.0748 'HYG': 0.0892 'IEF': 0.0916 'USO': 0.1004 'EDV': 0.1260 'VTI': 0.2832 
 EWJ  (+1)     // 1.0020 * 1.0009 * $63.24(0.2%상향매수 * 0.09%거래수수료 * 현재가)로 낱개구매 후 예상잔액 :$343.01

'DBC': 0.0288 'IAU': 0.0313 'LTPZ': 0.0318 'EMLC': 0.0374 'EWC': 0.0389 'EWH': 0.0404 'EZA': 0.0462 'VWO': 0.0513 'MCHI': 0.0748 'HYG': 0.0892 'IEF': 0.0916 'USO': 0.1004 'EWJ': 0.1056 'EDV': 0.1260 'VTI': 0.2832 
 DBC  (+1)     // 1.0020 * 1.0009 * $22.49(0.2%상향매수 * 0.09%거래수수료 * 현재가)로 낱개구매 후 예상잔액 :$320.46

'IAU': 0.0313 'LTPZ': 0.0318 'EMLC': 0.0374 'EWC': 0.0389 'EWH': 0.0404 'EZA': 0.0462 'VWO': 0.0513 'DBC': 0.0578 'MCHI': 0.0748 'HYG': 0.0892 'IEF': 0.0916 'USO': 0.1004 'EWJ': 0.1056 'EDV': 0.1260 'VTI': 0.2832 
 IAU  (+1)     // 1.0020 * 1.0009 * $38.62(0.2%상향매수 * 0.09%거래수수료 * 현재가)로 낱개구매 후 예상잔액 :$281.73

'LTPZ': 0.0318 'EMLC': 0.0374 'EWC': 0.0389 'EWH': 0.0404 'EZA': 0.0462 'VWO': 0.0513 'DBC': 0.0578 'MCHI': 0.0748 'IAU': 0.0811 'HYG': 0.0892 'IEF': 0.0916 'USO': 0.1004 'EWJ': 0.1056 'EDV': 0.1260 'VTI': 0.2832 
 LTPZ (+1)     // 1.0020 * 1.0009 * $56.98(0.2%상향매수 * 0.09%거래수수료 * 현재가)로 낱개구매 후 예상잔액 :$224.58

'EMLC': 0.0374 'EWC': 0.0389 'EWH': 0.0404 'EZA': 0.0462 'VWO': 0.0513 'DBC': 0.0578 'MCHI': 0.0748 'IAU': 0.0811 'HYG': 0.0892 'IEF': 0.0916 'USO': 0.1004 'LTPZ': 0.1053 'EWJ': 0.1056 'EDV': 0.1260 
 EMLC (+1)     // 1.0020 * 1.0009 * $25.5(0.2%상향매수 * 0.09%거래수수료 * 현재가)로 낱개구매 후 예상잔액 :$199.01

'EWC': 0.0389 'EWH': 0.0404 'EZA': 0.0462 'VWO': 0.0513 'DBC': 0.0578 'EMLC': 0.0703 'MCHI': 0.0748 'IAU': 0.0811 'HYG': 0.0892 'IEF': 0.0916 'USO': 0.1004 'LTPZ': 0.1053 'EWJ': 0.1056 'EDV': 0.1260 
 EWC  (+1)     // 1.0020 * 1.0009 * $36.61(0.2%상향매수 * 0.09%거래수수료 * 현재가)로 낱개구매 후 예상잔액 :$162.29

'EWH': 0.0404 'EZA': 0.0462 'VWO': 0.0513 'DBC': 0.0578 'EMLC': 0.0703 'MCHI': 0.0748 'IAU': 0.0811 'EWC': 0.0861 'HYG': 0.0892 'IEF': 0.0916 'USO': 0.1004 'LTPZ': 0.1053 'EWJ': 0.1056 'EDV': 0.1260 
 EWH  (+1)     // 1.0020 * 1.0009 * $17.36(0.2%상향매수 * 0.09%거래수수료 * 현재가)로 낱개구매 후 예상잔액 :$144.88

'EZA': 0.0462 'VWO': 0.0513 'DBC': 0.0578 'EWH': 0.0627 'EMLC': 0.0703 'MCHI': 0.0748 'IAU': 0.0811 'EWC': 0.0861 'HYG': 0.0892 'IEF': 0.0916 'USO': 0.1004 'LTPZ': 0.1053 'EWJ': 0.1056 'EDV': 0.1260 
 EZA  (+1)     // 1.0020 * 1.0009 * $41.52(0.2%상향매수 * 0.09%거래수수료 * 현재가)로 낱개구매 후 예상잔액 :$103.24

'VWO': 0.0513 'DBC': 0.0578 'EWH': 0.0627 'EMLC': 0.0703 'MCHI': 0.0748 'IAU': 0.0811 'EWC': 0.0861 'HYG': 0.0892 'IEF': 0.0916 'EZA': 0.0997 'USO': 0.1004 'LTPZ': 0.1053 'EWJ': 0.1056 'EDV': 0.1260 
 VWO  (+1)     // 1.0020 * 1.0009 * $40.48(0.2%상향매수 * 0.09%거래수수료 * 현재가)로 낱개구매 후 예상잔액 :$62.64

'DBC': 0.0578 'EWH': 0.0627 'EMLC': 0.0703 'MCHI': 0.0748 'IAU': 0.0811 'EWC': 0.0861 'EZA': 0.0997 'VWO': 0.1035 'LTPZ': 0.1053 
 DBC  (+1)     // 1.0020 * 1.0009 * $22.49(0.2%상향매수 * 0.09%거래수수료 * 현재가)로 낱개구매 후 예상잔액 :$40.09

'EWH': 0.0627 'EMLC': 0.0703 'IAU': 0.0811 'EWC': 0.0861 'DBC': 0.0868 
 EWH  (+1)     // 1.0020 * 1.0009 * $17.36(0.2%상향매수 * 0.09%거래수수료 * 현재가)로 낱개구매 후 예상잔액 :$22.68

'EWH': 0.0851 'DBC': 0.0868 
 EWH  (+1)     // 1.0020 * 1.0009 * $17.36(0.2%상향매수 * 0.09%거래수수료 * 현재가)로 낱개구매 후 예상잔액 :$5.27

FINISHED

estimate_adjusted) 아래 계산표에 거래수수료(≈$6.269)는 포함되지 않음
  USO : [ALTER| AMEX| $ 69.36| 110주, $ 7629.60,  9.83%(10.00%)| 112주, $ 7768.32, 10.01%(10.00%)|   2주, $   138.72, 0.0110%| $ 69.12, $ 69.17 ]
  IAU : [ALTER| AMEX| $ 38.62|  79주, $ 3050.98,  3.93%( 4.00%)|  81주, $ 3128.22,  4.03%( 4.00%)|   2주, $    77.24, 0.0313%| $ 38.63, $ 38.64 ]
  DBC : [ALTER| AMEX| $ 22.49|  68주, $ 1529.32,  1.97%( 2.00%)|  71주, $ 1596.79,  2.06%( 2.00%)|   3주, $    67.47, 0.0578%| $ 20.49, $ 24.53 ]
  EWJ : [STOCK| AMEX| $ 63.24| 120주, $ 7588.80,  9.78%(10.00%)| 123주, $ 7778.52, 10.02%(10.00%)|   3주, $   189.72, 0.0241%| $ 57.66, $ 68.71 ]
  VOO : [STOCK| AMEX| $438.19|  17주, $ 7449.23,  9.60%(10.00%)|  17주, $ 7449.23,  9.60%(10.00%)|   0주, $     0.00,-0.4002%| $437.89, $437.94 ]
  VTI : [STOCK| AMEX| $238.06|  25주, $ 5951.50,  7.67%( 8.00%)|  26주, $ 6189.56,  7.98%( 8.00%)|   1주, $   238.06,-0.0236%| $237.75, $238.04 ]
 MCHI : [STOCK| NASD| $ 41.35| 112주, $ 4631.20,  5.97%( 6.00%)| 113주, $ 4672.55,  6.02%( 6.00%)|   1주, $    41.35, 0.0215%| $ 41.22, $ 41.51 ]
  EWH : [STOCK| AMEX| $ 17.36| 266주, $ 4617.76,  5.95%( 6.00%)| 272주, $ 4721.92,  6.09%( 6.00%)|   6주, $   104.16, 0.0851%| $ 17.38, $ 18.99 ]
  EZA : [STOCK| AMEX| $ 41.52| 110주, $ 4567.20,  5.89%( 6.00%)| 113주, $ 4691.76,  6.05%( 6.00%)|   3주, $   124.56, 0.0462%| $ 40.01, $ 44.51 ]
  VWO : [STOCK| AMEX| $ 40.48| 108주, $ 4371.84,  5.63%( 6.00%)| 116주, $ 4695.68,  6.05%( 6.00%)|   8주, $   323.84, 0.0513%| $ 39.90, $ 40.62 ]
  EWG : [STOCK| AMEX| $ 29.58|  76주, $ 2248.08,  2.90%( 3.00%)|   0주, $    0.00,  0.00%( 0.00%)| -76주, $ -2248.08, 0.0000%| $ 29.45, $ 29.70 ]
  EWC : [STOCK| AMEX| $ 36.61|  63주, $ 2306.43,  2.97%( 3.00%)| 128주, $ 4686.08,  6.04%( 6.00%)|  65주, $  2379.65, 0.0389%| $ 36.10, $ 39.97 ]
  EDV : [ BOND| AMEX| $ 81.85| 101주, $ 8266.85, 10.65%(10.00%)|  95주, $ 7775.75, 10.02%(10.00%)|  -6주, $  -491.10, 0.0205%| $ 81.85, $ 88.90 ]
 LTPZ : [ BOND| AMEX| $ 56.98| 126주, $ 7179.48,  9.25%( 9.00%)| 123주, $ 7008.54,  9.03%( 9.00%)|  -3주, $  -170.94, 0.0318%| $ 56.98, $ 57.02 ]
  IEF : [ BOND| NASD| $ 95.96|  26주, $ 2494.96,  3.22%( 3.00%)|  24주, $ 2303.04,  2.97%( 3.00%)|  -2주, $  -191.92,-0.0321%| $ 95.89, $ 95.91 ]
 EMLC : [ BOND| AMEX| $ 25.50|  58주, $ 1479.00,  1.91%( 2.00%)|  62주, $ 1581.00,  2.04%( 2.00%)|   4주, $   102.00, 0.0374%| $ 25.02, $ 26.00 ]
  HYG : [ BOND| AMEX| $ 77.20|  19주, $ 1466.80,  1.89%( 2.00%)|  20주, $ 1544.00,  1.99%( 2.00%)|   1주, $    77.20,-0.0103%| $ 77.18, $ 77.20 ]
 Cash :                      |    (**)$  769.04,  0.99%       |        $    7.11,  0.01%        |                          |
-----------------------------------------------------------------------------------------------------------------------------
 $Sum :                      |     (*)$77598.07,100.00%       |        $77598.07,100.00%        |        $  761.93         |
 ₩Sum :                      |        101242203원               |        101242203원               |          994090원         |
(*    : 해외주식평가금[실시간]($76829.03)에 주문가능현금($769.04)을 더한 값)

portfolio_output_ki.json에 결과지를 남겼습니다.
실행 시간: 42.85355 초

