현재 시각: 2024-02-00 00:00:00, 토큰만료 시각: 2024-02-00 00:00:00
접근토큰이 유효하므로, 바로 진행하겠습니다.

[샘플] 해외주식 평가손익($) :
-------------------------------------------
해외주식 평가금액($)  :
주문가능 현금($)     :
결제후 예상 예수금($) :
-------------------------------------------
해외주식 평가금액(₩)  :
원화 예수금(₩)       :
달러 예수금(₩)       :
미결제 매수금액(₩)    :
미결제 매도금액(₩)    :
-------------------------------------------
총합계(₩)           :




{'content': '당일 주문/체결 내역, 그리고 슬리피지를 확인합니다.'}
체결내역  : [{'TLT': 3, 'XLU': 3}, {'IAU': 6, 'LTPZ': 2, 'EMLC': 4}, {'GLDM': -1, 'PDBC': 4, 'IEMG': 1, 'ITOT': -1, 'MCHI': -1, 'VGK': -118, 'EZA': 6, 'EWZ': -15, 'EWW': 11, 'EWJ': 103, 'EWH': 1, 'EWC': 22, 'EMB': -2, 'HYG': 100, 'LEMB': -215, 'VGLT': -1}]
미체결내역: [{}, {}, {}]
상세내역  :
(tkr): [odr,  v,  p,  s/b|     crnt,     ccld,crt-ccld|       odr,  crnt-odr|     date,   time,  method ]
--------------------------------------------------------------------------------------------------------
GLDM : [  1,  1,  0, sell| $ 40.340, $ 40.335, -0.012%| ($ 39.93), (-1.016%)| 20240200, 000000, OpenAPI ]
ITOT : [  1,  1,  0, sell| $108.510, $108.510,  0.000%| ($107.42), (-1.004%)| 20240200, 000000, OpenAPI ]
MCHI : [  1,  1,  0, sell| $ 38.020, $ 38.015, -0.013%| ($ 37.64), (-0.999%)| 20240200, 000000, OpenAPI ]
VGK  : [118,118,  0, sell| $ 63.780, $ 63.775, -0.007%| ($ 63.14), (-1.003%)| 20240200, 000000, OpenAPI ]
EWZ  : [ 15, 15,  0, sell| $ 33.390, $ 33.390,  0.000%| ($ 33.05), (-1.018%)| 20240200, 000000, OpenAPI ]
EMB  : [  2,  2,  0, sell| $ 87.690, $ 87.685, -0.005%| ($ 86.81), (-1.003%)| 20240200, 000000, OpenAPI ]
LEMB : [215,215,  0, sell| $ 36.010, $ 36.010,  0.000%| ($ 35.65), (-0.999%)| 20240200, 000000, OpenAPI ]
VGLT : [  1,  1,  0, sell| $ 59.270, $ 59.260, -0.017%| ($ 58.68), (-0.995%)| 20240200, 000000, OpenAPI ]
PDBC : [  4,  4,  0,  buy| $ 13.270, $ 13.280, -0.075%| ($ 13.23), (-0.227%)| 20240200, 000000, OpenAPI ]
IEMG : [  1,  1,  0,  buy| $ 49.890, $ 49.895, -0.010%| ($ 49.99), (-0.200%)| 20240200, 000000, OpenAPI ]
EZA  : [  6,  6,  0,  buy| $ 39.590, $ 39.595, -0.013%| ($ 39.67), (-0.202%)| 20240200, 000000, OpenAPI ]
EWW  : [ 11, 11,  0,  buy| $ 68.920, $ 68.910,  0.015%| ($ 69.06), (-0.203%)| 20240200, 000000, OpenAPI ]
EWJ  : [103,103,  0,  buy| $ 66.450, $ 66.455, -0.008%| ($ 66.58), (-0.195%)| 20240200, 000000, OpenAPI ]
EWH  : [  1,  1,  0,  buy| $ 16.190, $ 16.205, -0.093%| ($ 16.22), (-0.185%)| 20240200, 000000, OpenAPI ]
EWC  : [ 22, 22,  0,  buy| $ 36.110, $ 36.120, -0.027%| ($ 36.18), (-0.193%)| 20240200, 000000, OpenAPI ]
HYG  : [100,100,  0,  buy| $ 77.200, $ 77.205, -0.006%| ($ 77.35), (-0.194%)| 20240200, 000000, OpenAPI ]
IAU  : [  6,  6,  0,  buy| $ 38.520, $ 38.520,  0.000%| ($ 38.60), (-0.207%)| 20240200, 000000, OpenAPI ]
LTPZ : [  2,  2,  0,  buy| $ 55.330, $ 55.345, -0.027%| ($ 55.44), (-0.198%)| 20240200, 000000, OpenAPI ]
EMLC : [  4,  4,  0,  buy| $ 24.780, $ 24.790, -0.040%| ($ 24.83), (-0.201%)| 20240200, 000000, OpenAPI ]
TLT  : [  3,  3,  0,  buy| $ 94.610, $ 94.610,  0.000%| ($ 94.80), (-0.200%)| 20240200, 000000, OpenAPI ]
XLU  : [  3,  3,  0,  buy| $ 60.440, $ 60.450, -0.017%| ($ 60.56), (-0.199%)| 20240200, 000000, OpenAPI ]
참고1) crnt는 주문시각(2024-02-00 00:00:00)을 기준으로 portfolio_output_n.json에서 추출해온 것임
참고2) 매도핸디캡: -1.0%, 매수핸디캡: -0.2%
