현재 시각: 2024-02-00 00:00:00, 토큰만료 시각: 2024-02-00 00:00:00
접근토큰이 유효하므로, 바로 진행하겠습니다.

[샘플] 해외주식 평가손익($) :
-------------------------------------------
해외주식 평가금액($)  :
주문가능 현금($)     :
결제후 예상 예수금($) :
-------------------------------------------
해외주식 평가금액(₩)  :
원화 예수금(₩)       :
달러 예수금(₩)       :
미결제 매수금액(₩)    :
미결제 매도금액(₩)    :
-------------------------------------------
총합계(₩)           :





Loading...
[75374.1743, 75415.73, 75285.2068]
[486.8362, 445.2805, 575.8037]     //  1507.9204
75861.0105 75861.0105 75861.0105
Buyable cash($) of each portfolio has been calculated.


portfolio_3) 아래 계산표에 거래수수료(≈$29.398)는 포함되지 않음
 GLDM : [ALTER| AMEX| $ 40.34|  76주, $ 3065.84,  4.04%( 4.00%)|  75주, $ 3025.50,  3.99%( 4.00%)|  -1주, $   -40.34,-0.0118%| $ 40.34, $ 40.35 ]
 PDBC : [ALTER| NASD| $ 13.27| 111주, $ 1472.97,  1.94%( 2.00%)| 115주, $ 1526.05,  2.01%( 2.00%)|   4주, $    53.08, 0.0116%| $ 13.27, $ 13.28 ]
 IEMG : [STOCK| AMEX| $ 49.89|  90주, $ 4490.10,  5.92%( 6.00%)|  91주, $ 4539.99,  5.98%( 6.00%)|   1주, $    49.89,-0.0154%| $ 49.89, $ 49.90 ]
   VT : [STOCK| AMEX| $104.55|  58주, $ 6063.90,  7.99%( 8.00%)|  58주, $ 6063.90,  7.99%( 8.00%)|   0주, $     0.00,-0.0066%| $104.54, $104.59 ]
 ITOT : [STOCK| AMEX| $108.51|  70주, $ 7595.70, 10.01%(10.00%)|  69주, $ 7487.19,  9.87%(10.00%)|  -1주, $  -108.51,-0.1304%| $108.51, $108.60 ]
 MCHI : [STOCK| NASD| $ 38.02| 120주, $ 4562.40,  6.01%( 6.00%)| 119주, $ 4524.38,  5.96%( 6.00%)|  -1주, $   -38.02,-0.0360%| $ 38.02, $ 38.05 ]
  VGK : [STOCK| AMEX| $ 63.78| 118주, $ 7526.04,  9.92%(10.00%)|   0주, $    0.00,  0.00%( 0.00%)|-118주, $ -7526.04, 0.0000%| $ 63.75, $ 63.78 ]
  EZA : [STOCK| AMEX| $ 39.59| 109주, $ 4315.31,  5.69%( 6.00%)| 115주, $ 4552.85,  6.00%( 6.00%)|   6주, $   237.54, 0.0016%| $ 39.58, $ 39.60 ]
  EWZ : [STOCK| AMEX| $ 33.39| 128주, $ 4273.68,  5.63%( 6.00%)| 113주, $ 3772.86,  4.97%( 5.00%)| -15주, $  -500.82,-0.0266%| $ 33.38, $ 33.39 ]
  EWW : [STOCK| AMEX| $ 68.92|  33주, $ 2274.36,  3.00%( 3.00%)|  44주, $ 3032.48,  4.00%( 4.00%)|  11주, $   758.12,-0.0026%| $ 68.92, $ 68.93 ]
  EWJ : [STOCK| AMEX| $ 66.45|  22주, $ 1461.90,  1.93%( 2.00%)| 125주, $ 8306.25, 10.95%(11.00%)| 103주, $  6844.35,-0.0507%| $ 66.45, $ 66.46 ]
  EWH : [STOCK| AMEX| $ 16.19| 280주, $ 4533.20,  5.98%( 6.00%)| 281주, $ 4549.39,  6.00%( 6.00%)|   1주, $    16.19,-0.0030%| $ 16.18, $ 16.19 ]
  EWC : [STOCK| AMEX| $ 36.11|  20주, $  722.20,  0.95%( 1.00%)|  42주, $ 1516.62,  2.00%( 2.00%)|  22주, $   794.42,-0.0008%| $ 36.11, $ 36.12 ]
  EMB : [ BOND| NASD| $ 87.69|  19주, $ 1666.11,  2.20%( 2.00%)|  17주, $ 1490.73,  1.97%( 2.00%)|  -2주, $  -175.38,-0.0349%| $ 87.68, $ 87.69 ]
  TIP : [ BOND| AMEX| $106.76|  42주, $ 4483.92,  5.91%( 6.00%)|  42주, $ 4483.92,  5.91%( 6.00%)|   0주, $     0.00,-0.0893%| $106.74, $106.79 ]
  HYG : [ BOND| AMEX| $ 77.20|  18주, $ 1389.60,  1.83%( 2.00%)| 118주, $ 9109.60, 12.01%(12.00%)| 100주, $  7720.00, 0.0083%| $ 77.19, $ 77.21 ]
 LEMB : [ BOND| AMEX| $ 36.01| 215주, $ 7742.15, 10.21%(10.00%)|   0주, $    0.00,  0.00%( 0.00%)|-215주, $ -7742.15, 0.0000%| $ 36.01, $ 36.02 ]
 VGLT : [ BOND| NASD| $ 59.27| 129주, $ 7645.83, 10.08%(10.00%)| 128주, $ 7586.56, 10.00%(10.00%)|  -1주, $   -59.27, 0.0006%| $ 59.27, $ 59.28 ]
 Cash :                      |    (**)$  575.80,  0.76%        |        $  292.75,  0.39%       |                           |
-----------------------------------------------------------------------------------------------------------------------------
 $Sum :                      |     (*)$75861.01,100.00%        |        $75861.01,100.00%       |        $  283.06          |
 ₩Sum :                      |       100538597원               |       100538597원               |          375137원         |
(*    : 해외주식평가금[실시간]($75285.21)에 주문가능현금($575.80)을 더한 값)

{'content': '현지 시각(뉴욕 기준): 2024-02-00 00:00:00'}
{'content': 'portfolio_3)'}
{'content': '[주문 시작]'}
{'content': '[매도]'}
GLDM AMEX 1 40.34
{'content': 'GLDM 1주 매도'}
ITOT AMEX 1 108.51
{'content': 'ITOT 1주 매도'}
MCHI NASD 1 38.02
{'content': 'MCHI 1주 매도'}
VGK AMEX 118 63.78
{'content': 'VGK 118주 매도'}
EWZ AMEX 15 33.39
{'content': 'EWZ 15주 매도'}
EMB NASD 2 87.69
{'content': 'EMB 2주 매도'}
LEMB AMEX 215 36.01
{'content': 'LEMB 215주 매도'}
VGLT NASD 1 59.27
{'content': 'VGLT 1주 매도'}
{'content': '[매수]'}
PDBC NASD 4 13.27
{'content': 'PDBC 4주 매수'}
IEMG AMEX 1 49.89
{'content': 'IEMG 1주 매수'}
EZA AMEX 6 39.59
{'content': 'EZA 6주 매수'}
EWW AMEX 11 68.92
{'content': 'EWW 11주 매수'}
EWJ AMEX 103 66.45
{'content': 'EWJ 103주 매수'}
EWH AMEX 1 16.19
{'content': 'EWH 1주 매수'}
EWC AMEX 22 36.11
{'content': 'EWC 22주 매수'}
HYG AMEX 100 77.20
{'content': 'HYG 100주 매수'}
{'content': '[주문 완료]'}


portfolio_2) 아래 계산표에 거래수수료(≈$0.397)는 포함되지 않음
  VTI : [STOCK| AMEX| $245.86|  38주, $ 9342.68, 12.32%(12.00%)|  38주, $ 9342.68, 12.32%(12.00%)|   0주, $     0.00, 0.3155%| $245.86, $245.87 ]
  VEA : [STOCK| AMEX| $ 47.48| 195주, $ 9258.60, 12.20%(12.00%)| 195주, $ 9258.60, 12.20%(12.00%)|   0주, $     0.00, 0.2047%| $ 47.48, $ 47.49 ]
  VWO : [STOCK| AMEX| $ 40.71| 222주, $ 9037.62, 11.91%(12.00%)| 222주, $ 9037.62, 11.91%(12.00%)|   0주, $     0.00,-0.0866%| $ 40.70, $ 40.72 ]
  DBC : [ALTER| AMEX| $ 21.98| 247주, $ 5429.06,  7.16%( 7.00%)| 247주, $ 5429.06,  7.16%( 7.00%)|   0주, $     0.00, 0.1566%| $ 21.98, $ 21.99 ]
  IAU : [ALTER| AMEX| $ 38.52| 129주, $ 4969.08,  6.55%( 7.00%)| 135주, $ 5200.20,  6.85%( 7.00%)|   6주, $   231.12,-0.1451%| $ 38.52, $ 38.53 ]
  EDV : [ BOND| AMEX| $ 76.53| 176주, $13469.28, 17.76%(18.00%)| 176주, $13469.28, 17.76%(18.00%)|   0주, $     0.00,-0.2448%| $ 76.51, $ 76.55 ]
 LTPZ : [ BOND| AMEX| $ 55.33| 241주, $13334.53, 17.58%(18.00%)| 243주, $13445.19, 17.72%(18.00%)|   2주, $   110.66,-0.2765%| $ 55.33, $ 55.40 ]
 VCLT : [ BOND| NASD| $ 78.56|  69주, $ 5420.64,  7.15%( 7.00%)|  69주, $ 5420.64,  7.15%( 7.00%)|   0주, $     0.00, 0.1455%| $ 78.55, $ 78.59 ]
 EMLC : [ BOND| AMEX| $ 24.78| 208주, $ 5154.24,  6.79%( 7.00%)| 212주, $ 5253.36,  6.92%( 7.00%)|   4주, $    99.12,-0.0750%| $ 24.75, $ 24.79 ]
 Cash :                      |    (**)$  445.28,  0.59%        |        $    4.38,  0.01%       |                           |
-----------------------------------------------------------------------------------------------------------------------------
 $Sum :                      |     (*)$75861.01,100.00%        |        $75861.01,100.00%       |        $  440.90          |
 ₩Sum :                      |       100538597원               |       100538597원               |          584324원         |
(*    : 해외주식평가금[실시간]($75415.73)에 주문가능현금($445.28)을 더한 값)

{'content': '현지 시각(뉴욕 기준): 2024-02-00 00:00:00'}
{'content': 'portfolio_2)'}
{'content': '[주문 시작]'}
{'content': '[매수]'}
IAU AMEX 6 38.52
{'content': 'IAU 6주 매수'}
LTPZ AMEX 2 55.33
{'content': 'LTPZ 2주 매수'}
EMLC AMEX 4 24.78
{'content': 'EMLC 4주 매수'}
{'content': '[주문 완료]'}


portfolio_1) 아래 계산표에 거래수수료(≈$0.419)는 포함되지 않음
  TLT : [ BOND| NASD| $ 94.61| 310주, $29329.10, 38.66%(40.00%)| 313주, $29612.93, 39.03%(40.00%)|   3주, $   283.83,-0.9653%| $ 94.61, $ 94.62 ]
BRK/B : [STOCK| NYSE| $394.80|  38주, $15002.40, 19.78%(20.00%)|  38주, $15002.40, 19.78%(20.00%)|   0주, $     0.00,-0.2244%| $394.80, $394.81 ]
  XLU : [STOCK| AMEX| $ 60.44| 120주, $ 7252.80,  9.56%(10.00%)| 123주, $ 7434.12,  9.80%(10.00%)|   3주, $   181.32,-0.2006%| $ 60.44, $ 60.46 ]
 AMZN : [STOCK| NASD| $169.47|  49주, $ 8304.03, 10.95%(10.00%)|  49주, $ 8304.03, 10.95%(10.00%)|   0주, $     0.00, 0.9461%| $169.47, $169.49 ]
 GOOG : [STOCK| NASD| $146.16|  53주, $ 7746.48, 10.21%(10.00%)|  53주, $ 7746.48, 10.21%(10.00%)|   0주, $     0.00, 0.2111%| $146.15, $146.16 ]
 MSFT : [STOCK| NASD| $407.44|  19주, $ 7741.45, 10.20%(10.00%)|  19주, $ 7741.45, 10.20%(10.00%)|   0주, $     0.00, 0.2045%| $407.44, $407.45 ]
 Cash :                      |    (**)$  486.84,  0.64%        |        $   21.69,  0.03%       |                           |
-----------------------------------------------------------------------------------------------------------------------------
 $Sum :                      |     (*)$75863.10,100.00%        |        $75863.10,100.00%       |        $  465.15          |
 ₩Sum :                      |       100541368원               |       100541368원               |          616463원         |
(*    : 해외주식평가금[실시간]($75376.26)에 주문가능현금($486.84)을 더한 값)

{'content': '현지 시각(뉴욕 기준): 2024-02-00 00:00:00'}
{'content': 'portfolio_1)'}
{'content': '[주문 시작]'}
{'content': '[매수]'}
TLT NASD 3 94.61
{'content': 'TLT 3주 매수'}
XLU AMEX 3 60.44
{'content': 'XLU 3주 매수'}
{'content': '[주문 완료]'}


Saved the portfolio calculation output in ./output/portfolio_output_3.json.
Saved the portfolio calculation output in ./output/portfolio_output_2.json.
Saved the portfolio calculation output in ./output/portfolio_output_1.json.
