PortfolioCalculatorFillPurple.py---------------------------------------------------------
현재 시각 : 2023-12-26 21:50:36, 토큰만료 시각: 2023-12-27 14:17:06
접근토큰이 유효하므로, 바로 진행하겠습니다.

Login : excel-editor-1

Loading...
(import)
USO
IAU
DBC
EWJ
VOO
VTI
MCHI
EWH
EZA
VWO
EWG
EWC
EDV
LTPZ
IEF
EMLC
HYG
g_row_stack_pointer_ki : 43

43 - 26 = 17 (총 17 종목 : 기존종목, 신규종목, 이탈종목 포함)
Received 'portfolio_input_ki' from Google Sheet.

Loading...
Received market data from Ticker Book to 'portfolio_input_ki'.

Loading...
(export)
USO
IAU
DBC
EWJ
VOO
VTI
MCHI
EWH
EZA
VWO
EWG
EWC
EDV
LTPZ
IEF
EMLC
HYG
Updated market data, current qty of 'portfolio_input_ki' to Google Sheet.

실행 시간: 20.30973 초







PortfolioCalculatorDuplicate.py----------------------------------------------------------

Login : excel-editor-1

Sheet '*dashboard' copied and renamed successfully as '20231226'
./config/backup-exchange-rate.json에 환율 백업 데이터를 남겼습니다.
./config/excel-addr-sheet-name.json에 복사된 시트(20231226)의 경로를 남겼습니다.
실행 시간: 3.27792 초







PortfolioCalculatorKI.py-----------------------------------------------------------------
현재 시각 : 2023-12-26 21:50:59, 토큰만료 시각: 2023-12-27 14:17:06
접근토큰이 유효하므로, 바로 진행하겠습니다.

Login : excel-editor-2

Loading...
(import)
USO
IAU
DBC
EWJ
VOO
VTI
MCHI
EWH
EZA
VWO
EWG
EWC
EDV
LTPZ
IEF
EMLC
HYG
43 - 26 = 17 (총 17 종목 : 기존종목, 신규종목, 이탈종목 포함)
Received 'portfolio_input_ki' from Google Sheet : (1/2)

Login : excel-editor-3

Loading...
(import)
USO
IAU
DBC
EWJ
VOO
VTI
MCHI
EWH
EZA
VWO
EWG
EWC
EDV
LTPZ
IEF
EMLC
HYG
43 - 26 = 17 (총 17 종목 : 기존종목, 신규종목, 이탈종목 포함)
Received 'portfolio_input_ki' from Google Sheet : (2/2)

Loading...
Received market data from Ticker Book to 'portfolio_input_ki'.

Loading...
Converted 'portfolio_dict_ki' to estimate in Calculator.

estimate_original) 아래 계산표에 거래수수료(≈$6.033)는 포함되지 않음
  USO : [ALTER| AMEX| $ 69.06| 110주, $ 7596.60,  9.83%(10.00%)| 111주, $ 7665.66,  9.92%(10.00%)|   1주, $    69.06,-0.0785%| $ 69.04, $ 69.17 ]
  IAU : [ALTER| AMEX| $ 39.03|  79주, $ 3083.37,  3.99%( 4.00%)|  79주, $ 3083.37,  3.99%( 4.00%)|   0주, $     0.00,-0.0093%| $ 39.02, $ 39.03 ]
  DBC : [ALTER| AMEX| $ 22.23|  68주, $ 1511.64,  1.96%( 2.00%)|  69주, $ 1533.87,  1.99%( 2.00%)|   1주, $    22.23,-0.0147%| $  0.00, $  0.00 ]
  EWJ : [STOCK| AMEX| $ 63.33| 120주, $ 7599.60,  9.84%(10.00%)| 122주, $ 7726.26, 10.00%(10.00%)|   2주, $   126.66,-0.0001%| $  0.00, $  0.00 ]
  VOO : [STOCK| AMEX| $435.77|  17주, $ 7408.09,  9.59%(10.00%)|  17주, $ 7408.09,  9.59%(10.00%)|   0주, $     0.00,-0.4119%| $435.77, $435.83 ]
  VTI : [STOCK| AMEX| $236.63|  25주, $ 5915.75,  7.66%( 8.00%)|  26주, $ 6152.38,  7.96%( 8.00%)|   1주, $   236.63,-0.0371%| $236.63, $237.98 ]
 MCHI : [STOCK| NASD| $ 39.49| 112주, $ 4422.88,  5.72%( 6.00%)| 117주, $ 4620.33,  5.98%( 6.00%)|   5주, $   197.45,-0.0200%| $ 39.25, $ 39.49 ]
  EWH : [STOCK| AMEX| $ 16.97| 266주, $ 4514.02,  5.84%( 6.00%)| 273주, $ 4632.81,  6.00%( 6.00%)|   7주, $   118.79,-0.0038%| $  0.00, $  0.00 ]
  EZA : [STOCK| AMEX| $ 40.75| 110주, $ 4482.50,  5.80%( 6.00%)| 113주, $ 4604.75,  5.96%( 6.00%)|   3주, $   122.25,-0.0402%| $  0.00, $  0.00 ]
  VWO : [STOCK| AMEX| $ 40.29| 108주, $ 4351.32,  5.63%( 6.00%)| 115주, $ 4633.35,  6.00%( 6.00%)|   7주, $   282.03,-0.0031%| $ 36.35, $ 43.95 ]
  EWG : [STOCK| AMEX| $ 29.52|  76주, $ 2243.52,  2.90%( 3.00%)|   0주, $    0.00,  0.00%( 0.00%)| -76주, $ -2243.52, 0.0000%| $  0.00, $  0.00 ]
  EWC : [STOCK| AMEX| $ 36.43|  63주, $ 2295.09,  2.97%( 3.00%)| 127주, $ 4626.61,  5.99%( 6.00%)|  64주, $  2331.52,-0.0119%| $  0.00, $  0.00 ]
  EDV : [ BOND| AMEX| $ 80.56| 101주, $ 8136.56, 10.53%(10.00%)|  95주, $ 7653.20,  9.91%(10.00%)|  -6주, $  -483.36,-0.0946%| $ 80.56, $ 88.56 ]
 LTPZ : [ BOND| AMEX| $ 56.72| 126주, $ 7146.72,  9.25%( 9.00%)| 122주, $ 6919.84,  8.96%( 9.00%)|  -4주, $  -226.88,-0.0438%| $ 42.50, $ 61.56 ]
  IEF : [ BOND| NASD| $ 96.18|  26주, $ 2500.68,  3.24%( 3.00%)|  24주, $ 2308.32,  2.99%( 3.00%)|  -2주, $  -192.36,-0.0124%| $ 96.18, $ 96.20 ]
 EMLC : [ BOND| AMEX| $ 25.51|  58주, $ 1479.58,  1.91%( 2.00%)|  60주, $ 1530.60,  1.98%( 2.00%)|   2주, $    51.02,-0.0190%| $  0.00, $  0.00 ]
  HYG : [ BOND| AMEX| $ 77.47|  19주, $ 1471.93,  1.91%( 2.00%)|  19주, $ 1471.93,  1.91%( 2.00%)|   0주, $     0.00,-0.0949%| $  0.00, $  0.00 ]
 Cash :                      |    (**)$ 1103.19,  1.43%       |        $  691.67,  0.90%        |                          |
-----------------------------------------------------------------------------------------------------------------------------
 $Sum :                      |     (*)$77263.04,100.00%       |        $77263.04,100.00%        |        $  411.52         |
 ₩Sum :                      |        100496036원              |        100496036원              |          535264원         |
(*    : 해외주식평가금[실시간]($76159.85)에 주문가능현금($1103.19)을 더한 값)

Buy-only는 해당사항 없음, 매도 시 주문가능금액 차감액수 계산(전체 매도금액의 1.068% ~ 1.215% 가량 제외됨)
691.670 - 47.192(매도금액의 1.5%) = 644.478
매수 시 주문가능금액 차감액수 계산(기본 거래수수료인 전체 매수금액의 0.25%로 가정)
644.478 - 8.894(매수금액의 0.25%) = 635.584
>> 이미 위의 계산표대로 주문하고 난 후, 낱개주문한다고 가정 (즉, 수수료 계산이 보수적임)

'HYG': 0.0054 'EDV': 0.0097 'USO': 0.0109 'EZA': 0.0126 'DBC': 0.0140 'EMLC': 0.0140 'EWH': 0.0181 'LTPZ': 0.0296 'MCHI': 0.0311 'EWC': 0.0353 'IAU': 0.0413 'VWO': 0.0490 'EWJ': 0.0819 'IEF': 0.1121 'VOO': 0.1522 'VTI': 0.2692 
 HYG  (+1)     // 1.0020 * 1.0025 * $77.47(0.2%상향매수 * 0.25%거래수수료(가정) * 현재가)로 낱개구매 후 예상잔액 :$557.77

'EDV': 0.0097 'USO': 0.0109 'EZA': 0.0126 'DBC': 0.0140 'EMLC': 0.0140 'EWH': 0.0181 'LTPZ': 0.0296 'MCHI': 0.0311 'EWC': 0.0353 'IAU': 0.0413 'VWO': 0.0490 'EWJ': 0.0819 'HYG': 0.1056 'IEF': 0.1121 'VOO': 0.1522 'VTI': 0.2692 
 EDV  (+1)     // 1.0020 * 1.0025 * $80.56(0.2%상향매수 * 0.25%거래수수료(가정) * 현재가)로 낱개구매 후 예상잔액 :$476.84

'USO': 0.0109 'EZA': 0.0126 'DBC': 0.0140 'EMLC': 0.0140 'EWH': 0.0181 'LTPZ': 0.0296 'MCHI': 0.0311 'EWC': 0.0353 'IAU': 0.0413 'VWO': 0.0490 'EWJ': 0.0819 'HYG': 0.1056 'IEF': 0.1121 'EDV': 0.1139 'VOO': 0.1522 'VTI': 0.2692 
 USO  (+1)     // 1.0020 * 1.0025 * $69.06(0.2%상향매수 * 0.25%거래수수료(가정) * 현재가)로 낱개구매 후 예상잔액 :$407.47

'EZA': 0.0126 'DBC': 0.0140 'EMLC': 0.0140 'EWH': 0.0181 'LTPZ': 0.0296 'MCHI': 0.0311 'EWC': 0.0353 'IAU': 0.0413 'VWO': 0.0490 'EWJ': 0.0819 'USO': 0.1003 'HYG': 0.1056 'IEF': 0.1121 'EDV': 0.1139 'VTI': 0.2692 
 EZA  (+1)     // 1.0020 * 1.0025 * $40.75(0.2%상향매수 * 0.25%거래수수료(가정) * 현재가)로 낱개구매 후 예상잔액 :$366.54

'DBC': 0.0140 'EMLC': 0.0140 'EWH': 0.0181 'LTPZ': 0.0296 'MCHI': 0.0311 'EWC': 0.0353 'IAU': 0.0413 'VWO': 0.0490 'EZA': 0.0653 'EWJ': 0.0819 'USO': 0.1003 'HYG': 0.1056 'IEF': 0.1121 'EDV': 0.1139 'VTI': 0.2692 
 DBC  (+1)     // 1.0020 * 1.0025 * $22.23(0.2%상향매수 * 0.25%거래수수료(가정) * 현재가)로 낱개구매 후 예상잔액 :$344.21

'EMLC': 0.0140 'EWH': 0.0181 'LTPZ': 0.0296 'MCHI': 0.0311 'EWC': 0.0353 'IAU': 0.0413 'DBC': 0.0428 'VWO': 0.0490 'EZA': 0.0653 'EWJ': 0.0819 'USO': 0.1003 'HYG': 0.1056 'IEF': 0.1121 'EDV': 0.1139 'VTI': 0.2692 
 EMLC (+1)     // 1.0020 * 1.0025 * $25.51(0.2%상향매수 * 0.25%거래수수료(가정) * 현재가)로 낱개구매 후 예상잔액 :$318.58

'EWH': 0.0181 'LTPZ': 0.0296 'MCHI': 0.0311 'EWC': 0.0353 'IAU': 0.0413 'DBC': 0.0428 'EMLC': 0.0471 'VWO': 0.0490 'EZA': 0.0653 'EWJ': 0.0819 'USO': 0.1003 'HYG': 0.1056 'IEF': 0.1121 'EDV': 0.1139 'VTI': 0.2692 
 EWH  (+1)     // 1.0020 * 1.0025 * $16.97(0.2%상향매수 * 0.25%거래수수료(가정) * 현재가)로 낱개구매 후 예상잔액 :$301.54

'LTPZ': 0.0296 'MCHI': 0.0311 'EWC': 0.0353 'EWH': 0.0401 'IAU': 0.0413 'DBC': 0.0428 'EMLC': 0.0471 'VWO': 0.0490 'EZA': 0.0653 'EWJ': 0.0819 'USO': 0.1003 'HYG': 0.1056 'IEF': 0.1121 'EDV': 0.1139 'VTI': 0.2692 
 LTPZ (+1)     // 1.0020 * 1.0025 * $56.72(0.2%상향매수 * 0.25%거래수수료(가정) * 현재가)로 낱개구매 후 예상잔액 :$244.56

'MCHI': 0.0311 'EWC': 0.0353 'EWH': 0.0401 'IAU': 0.0413 'DBC': 0.0428 'EMLC': 0.0471 'VWO': 0.0490 'EZA': 0.0653 'EWJ': 0.0819 'USO': 0.1003 'LTPZ': 0.1030 'HYG': 0.1056 'IEF': 0.1121 'EDV': 0.1139 'VTI': 0.2692 
 MCHI (+1)     // 1.0020 * 1.0025 * $39.49(0.2%상향매수 * 0.25%거래수수료(가정) * 현재가)로 낱개구매 후 예상잔액 :$204.89

'EWC': 0.0353 'EWH': 0.0401 'IAU': 0.0413 'DBC': 0.0428 'EMLC': 0.0471 'VWO': 0.0490 'EZA': 0.0653 'EWJ': 0.0819 'MCHI': 0.0822 'USO': 0.1003 'LTPZ': 0.1030 'HYG': 0.1056 'IEF': 0.1121 'EDV': 0.1139 
 EWC  (+1)     // 1.0020 * 1.0025 * $36.43(0.2%상향매수 * 0.25%거래수수료(가정) * 현재가)로 낱개구매 후 예상잔액 :$168.30

'EWH': 0.0401 'IAU': 0.0413 'DBC': 0.0428 'EMLC': 0.0471 'VWO': 0.0490 'EZA': 0.0653 'EWJ': 0.0819 'MCHI': 0.0822 'EWC': 0.0824 'USO': 0.1003 'LTPZ': 0.1030 'HYG': 0.1056 'IEF': 0.1121 'EDV': 0.1139 
 EWH  (+1)     // 1.0020 * 1.0025 * $16.97(0.2%상향매수 * 0.25%거래수수료(가정) * 현재가)로 낱개구매 후 예상잔액 :$151.25

'IAU': 0.0413 'DBC': 0.0428 'EMLC': 0.0471 'VWO': 0.0490 'EWH': 0.0620 'EZA': 0.0653 'EWJ': 0.0819 'MCHI': 0.0822 'EWC': 0.0824 'USO': 0.1003 'LTPZ': 0.1030 'HYG': 0.1056 'IEF': 0.1121 'EDV': 0.1139 
 IAU  (+1)     // 1.0020 * 1.0025 * $39.03(0.2%상향매수 * 0.25%거래수수료(가정) * 현재가)로 낱개구매 후 예상잔액 :$112.05

'DBC': 0.0428 'EMLC': 0.0471 'VWO': 0.0490 'EWH': 0.0620 'EZA': 0.0653 'EWJ': 0.0819 'MCHI': 0.0822 'EWC': 0.0824 'IAU': 0.0918 'USO': 0.1003 'LTPZ': 0.1030 'HYG': 0.1056 'IEF': 0.1121 'EDV': 0.1139 
 DBC  (+1)     // 1.0020 * 1.0025 * $22.23(0.2%상향매수 * 0.25%거래수수료(가정) * 현재가)로 낱개구매 후 예상잔액 :$89.72

'EMLC': 0.0471 'VWO': 0.0490 'EWH': 0.0620 'EZA': 0.0653 'DBC': 0.0716 'EWJ': 0.0819 'MCHI': 0.0822 'EWC': 0.0824 'IAU': 0.0918 'USO': 0.1003 'LTPZ': 0.1030 'HYG': 0.1056 'EDV': 0.1139 
 EMLC (+1)     // 1.0020 * 1.0025 * $25.51(0.2%상향매수 * 0.25%거래수수료(가정) * 현재가)로 낱개구매 후 예상잔액 :$64.09

'VWO': 0.0490 'EWH': 0.0620 'EZA': 0.0653 'DBC': 0.0716 'EMLC': 0.0801 'EWJ': 0.0819 'MCHI': 0.0822 'EWC': 0.0824 'IAU': 0.0918 'LTPZ': 0.1030 
 VWO  (+1)     // 1.0020 * 1.0025 * $40.29(0.2%상향매수 * 0.25%거래수수료(가정) * 현재가)로 낱개구매 후 예상잔액 :$23.62

'EWH': 0.0620 'DBC': 0.0716 
 EWH  (+1)     // 1.0020 * 1.0025 * $16.97(0.2%상향매수 * 0.25%거래수수료(가정) * 현재가)로 낱개구매 후 예상잔액 :$6.57

FINISHED

estimate_adjusted) 아래 계산표에 거래수수료(≈$6.350)는 포함되지 않음
  USO : [ALTER| AMEX| $ 69.06| 110주, $ 7596.60,  9.83%(10.00%)| 112주, $ 7734.72, 10.01%(10.00%)|   2주, $   138.12, 0.0109%| $ 69.04, $ 69.17 ]
  IAU : [ALTER| AMEX| $ 39.03|  79주, $ 3083.37,  3.99%( 4.00%)|  80주, $ 3122.40,  4.04%( 4.00%)|   1주, $    39.03, 0.0413%| $ 39.02, $ 39.03 ]
  DBC : [ALTER| AMEX| $ 22.23|  68주, $ 1511.64,  1.96%( 2.00%)|  71주, $ 1578.33,  2.04%( 2.00%)|   3주, $    66.69, 0.0428%| $  0.00, $  0.00 ]
  EWJ : [STOCK| AMEX| $ 63.33| 120주, $ 7599.60,  9.84%(10.00%)| 122주, $ 7726.26, 10.00%(10.00%)|   2주, $   126.66,-0.0001%| $  0.00, $  0.00 ]
  VOO : [STOCK| AMEX| $435.77|  17주, $ 7408.09,  9.59%(10.00%)|  17주, $ 7408.09,  9.59%(10.00%)|   0주, $     0.00,-0.4119%| $435.77, $435.83 ]
  VTI : [STOCK| AMEX| $236.63|  25주, $ 5915.75,  7.66%( 8.00%)|  26주, $ 6152.38,  7.96%( 8.00%)|   1주, $   236.63,-0.0371%| $236.63, $237.98 ]
 MCHI : [STOCK| NASD| $ 39.49| 112주, $ 4422.88,  5.72%( 6.00%)| 118주, $ 4659.82,  6.03%( 6.00%)|   6주, $   236.94, 0.0311%| $ 39.25, $ 39.49 ]
  EWH : [STOCK| AMEX| $ 16.97| 266주, $ 4514.02,  5.84%( 6.00%)| 276주, $ 4683.72,  6.06%( 6.00%)|  10주, $   169.70, 0.0620%| $  0.00, $  0.00 ]
  EZA : [STOCK| AMEX| $ 40.75| 110주, $ 4482.50,  5.80%( 6.00%)| 114주, $ 4645.50,  6.01%( 6.00%)|   4주, $   163.00, 0.0126%| $  0.00, $  0.00 ]
  VWO : [STOCK| AMEX| $ 40.29| 108주, $ 4351.32,  5.63%( 6.00%)| 116주, $ 4673.64,  6.05%( 6.00%)|   8주, $   322.32, 0.0490%| $ 36.35, $ 43.95 ]
  EWG : [STOCK| AMEX| $ 29.52|  76주, $ 2243.52,  2.90%( 3.00%)|   0주, $    0.00,  0.00%( 0.00%)| -76주, $ -2243.52, 0.0000%| $  0.00, $  0.00 ]
  EWC : [STOCK| AMEX| $ 36.43|  63주, $ 2295.09,  2.97%( 3.00%)| 128주, $ 4663.04,  6.04%( 6.00%)|  65주, $  2367.95, 0.0353%| $  0.00, $  0.00 ]
  EDV : [ BOND| AMEX| $ 80.56| 101주, $ 8136.56, 10.53%(10.00%)|  96주, $ 7733.76, 10.01%(10.00%)|  -5주, $  -402.80, 0.0097%| $ 80.56, $ 88.56 ]
 LTPZ : [ BOND| AMEX| $ 56.72| 126주, $ 7146.72,  9.25%( 9.00%)| 123주, $ 6976.56,  9.03%( 9.00%)|  -3주, $  -170.16, 0.0296%| $ 42.50, $ 61.56 ]
  IEF : [ BOND| NASD| $ 96.18|  26주, $ 2500.68,  3.24%( 3.00%)|  24주, $ 2308.32,  2.99%( 3.00%)|  -2주, $  -192.36,-0.0124%| $ 96.18, $ 96.20 ]
 EMLC : [ BOND| AMEX| $ 25.51|  58주, $ 1479.58,  1.91%( 2.00%)|  62주, $ 1581.62,  2.05%( 2.00%)|   4주, $   102.04, 0.0471%| $  0.00, $  0.00 ]
  HYG : [ BOND| AMEX| $ 77.47|  19주, $ 1471.93,  1.91%( 2.00%)|  20주, $ 1549.40,  2.01%( 2.00%)|   1주, $    77.47, 0.0054%| $  0.00, $  0.00 ]
 Cash :                      |    (**)$ 1103.19,  1.43%       |        $   65.48,  0.08%        |                          |
-----------------------------------------------------------------------------------------------------------------------------
 $Sum :                      |     (*)$77263.04,100.00%       |        $77263.04,100.00%        |        $ 1037.71         |
 ₩Sum :                      |        100496036원              |        100496036원              |         1349749원         |
(*    : 해외주식평가금[실시간]($76159.85)에 주문가능현금($1103.19)을 더한 값)

portfolio_output_ki.json에 결과지를 남겼습니다.
실행 시간: 40.44933 초







PortfolioCalculatorNH.py-----------------------------------------------------------------
현재 시각 : 2023-12-26 21:51:40, 토큰만료 시각: 2023-12-27 14:17:06
접근토큰이 유효하므로, 바로 진행하겠습니다.

Login : excel-editor-4

Loading...
(import)
TLT
BRK/B
XLU
AMZN
GOOG
MSFT
Received 'portfolio_input_nh1' from Google Sheet.

Login : excel-editor-5

Loading...
(import)
VTI
VEA
VWO
DBC
IAU
EDV
LTPZ
VCLT
EMLC
Received 'portfolio_input_nh2' from Google Sheet.

Loading...
Received market data from Ticker Book to 'portfolio_input_nh1'.

Loading...
Received market data from Ticker Book to 'portfolio_input_nh2'.

Loading...
Converted 'portfolio_dict_nh1' to estimate in Calculator.

Loading...
Converted 'portfolio_dict_nh2' to estimate in Calculator.

estimate_original) 아래 계산표에 거래수수료(≈$0.564)는 포함되지 않음
  TLT : [ BOND| NASD| $ 98.66| 310주, $30584.60, 39.56%(40.00%)| 313주, $30880.58, 39.94%(40.00%)|   3주, $   295.98,-0.0553%| $ 98.65, $ 98.66 ]
BRK/B : [STOCK| NYSE| $356.80|  43주, $15342.40, 19.85%(20.00%)|  43주, $15342.40, 19.85%(20.00%)|   0주, $     0.00,-0.1543%| $356.60, $356.80 ]
  XLU : [STOCK| AMEX| $ 62.62| 120주, $ 7514.40,  9.72%(10.00%)| 123주, $ 7702.26,  9.96%(10.00%)|   3주, $   187.86,-0.0370%| $ 56.61, $ 68.63 ]
 AMZN : [STOCK| NASD| $153.99|  50주, $ 7699.50,  9.96%(10.00%)|  50주, $ 7699.50,  9.96%(10.00%)|   0주, $     0.00,-0.0405%| $153.99, $154.00 ]
 GOOG : [STOCK| NASD| $143.07|  55주, $ 7868.85, 10.18%(10.00%)|  54주, $ 7725.78,  9.99%(10.00%)|  -1주, $  -143.07,-0.0065%| $142.96, $143.05 ]
 MSFT : [STOCK| NASD| $375.40|  20주, $ 7508.00,  9.71%(10.00%)|  20주, $ 7508.00,  9.71%(10.00%)|   0주, $     0.00,-0.2882%| $375.30, $375.40 ]
 Cash :                      |    (**)$  790.66,  1.02%       |        $  449.89,  0.58%        |                          |
-----------------------------------------------------------------------------------------------------------------------------
 $Sum :                      |     (*)$77308.41,100.00%       |        $77308.41,100.00%        |        $  340.77         |
 ₩Sum :                      |        100555049원              |        100555049원              |          443239원         |
(*    : 해외주식평가금[실시간]($76517.75)에 주문가능현금($790.66)을 더한 값)

estimate_adjusted_1) 아래 계산표에 거래수수료(≈$0.347)는 포함되지 않음
  TLT : [ BOND| NASD| $ 98.66| 310주, $30584.60, 39.56%(40.00%)| 312주, $30781.92, 39.82%(40.00%)|   2주, $   197.32,-0.1830%| $ 98.65, $ 98.66 ]
BRK/B : [STOCK| NYSE| $356.80|  43주, $15342.40, 19.85%(20.00%)|  43주, $15342.40, 19.85%(20.00%)|   0주, $     0.00,-0.1543%| $356.60, $356.80 ]
  XLU : [STOCK| AMEX| $ 62.62| 120주, $ 7514.40,  9.72%(10.00%)| 123주, $ 7702.26,  9.96%(10.00%)|   3주, $   187.86,-0.0370%| $ 56.61, $ 68.63 ]
 AMZN : [STOCK| NASD| $153.99|  50주, $ 7699.50,  9.96%(10.00%)|  50주, $ 7699.50,  9.96%(10.00%)|   0주, $     0.00,-0.0405%| $153.99, $154.00 ]
 GOOG : [STOCK| NASD| $143.07|  55주, $ 7868.85, 10.18%(10.00%)|  55주, $ 7868.85, 10.18%(10.00%)|   0주, $     0.00, 0.1785%| $142.96, $143.05 ]
 MSFT : [STOCK| NASD| $375.40|  20주, $ 7508.00,  9.71%(10.00%)|  20주, $ 7508.00,  9.71%(10.00%)|   0주, $     0.00,-0.2882%| $375.30, $375.40 ]
 Cash :                      |    (**)$  790.66,  1.02%       |        $  405.48,  0.52%        |                          |
-----------------------------------------------------------------------------------------------------------------------------
 $Sum :                      |     (*)$77308.41,100.00%       |        $77308.41,100.00%        |        $  385.18         |
 ₩Sum :                      |        100555049원              |        100555049원              |          501003원         |
(*    : 해외주식평가금[실시간]($76517.75)에 주문가능현금($790.66)을 더한 값)

Buy-only는 해당사항 없음, 매도 시 주문가능금액 차감액수 계산(전체 매도금액의 1.068% ~ 1.215% 가량 제외됨)
405.481 - 0.000(매도금액의 1.5%) = 405.481
매수 시 주문가능금액 차감액수 계산(기본 거래수수료인 전체 매수금액의 0.25%로 가정)
405.481 - 0.963(매수금액의 0.25%) = 404.518
>> 이미 위의 계산표대로 주문하고 난 후, 낱개주문한다고 가정 (즉, 수수료 계산이 보수적임)

'TLT': -0.0553 'XLU': 0.0440 'AMZN': 0.1586 'MSFT': 0.1973 'BRK/B': 0.3072 'GOOG': 0.3636 
 TLT  (+1)     // 1.0020 * 1.0025 * $98.66(0.2%상향매수 * 0.25%거래수수료(가정) * 현재가)로 낱개구매 후 예상잔액 :$305.41

'XLU': 0.0440 'TLT': 0.0723 'AMZN': 0.1586 'GOOG': 0.3636 
 XLU  (+1)     // 1.0020 * 1.0025 * $62.62(0.2%상향매수 * 0.25%거래수수료(가정) * 현재가)로 낱개구매 후 예상잔액 :$242.51

'TLT': 0.0723 'XLU': 0.1250 'AMZN': 0.1586 'GOOG': 0.3636 
 TLT  (+1)     // 1.0020 * 1.0025 * $98.66(0.2%상향매수 * 0.25%거래수수료(가정) * 현재가)로 낱개구매 후 예상잔액 :$143.41

'XLU': 0.1250 'TLT': 0.1999 
 XLU  (+1)     // 1.0020 * 1.0025 * $62.62(0.2%상향매수 * 0.25%거래수수료(가정) * 현재가)로 낱개구매 후 예상잔액 :$80.50

'XLU': 0.2060 
 XLU  (+1)     // 1.0020 * 1.0025 * $62.62(0.2%상향매수 * 0.25%거래수수료(가정) * 현재가)로 낱개구매 후 예상잔액 :$17.60

FINISHED

estimate_adjusted_2) 아래 계산표에 거래수수료(≈$0.693)는 포함되지 않음
  TLT : [ BOND| NASD| $ 98.66| 310주, $30584.60, 39.56%(40.00%)| 314주, $30979.24, 40.07%(40.00%)|   4주, $   394.64, 0.0723%| $ 98.65, $ 98.66 ]
BRK/B : [STOCK| NYSE| $356.80|  43주, $15342.40, 19.85%(20.00%)|  43주, $15342.40, 19.85%(20.00%)|   0주, $     0.00,-0.1543%| $356.60, $356.80 ]
  XLU : [STOCK| AMEX| $ 62.62| 120주, $ 7514.40,  9.72%(10.00%)| 126주, $ 7890.12, 10.21%(10.00%)|   6주, $   375.72, 0.2060%| $ 56.61, $ 68.63 ]
 AMZN : [STOCK| NASD| $153.99|  50주, $ 7699.50,  9.96%(10.00%)|  50주, $ 7699.50,  9.96%(10.00%)|   0주, $     0.00,-0.0405%| $153.99, $154.00 ]
 GOOG : [STOCK| NASD| $143.07|  55주, $ 7868.85, 10.18%(10.00%)|  55주, $ 7868.85, 10.18%(10.00%)|   0주, $     0.00, 0.1785%| $142.96, $143.05 ]
 MSFT : [STOCK| NASD| $375.40|  20주, $ 7508.00,  9.71%(10.00%)|  20주, $ 7508.00,  9.71%(10.00%)|   0주, $     0.00,-0.2882%| $375.30, $375.40 ]
 Cash :                      |    (**)$  790.66,  1.02%       |        $   20.30,  0.03%        |                          |
-----------------------------------------------------------------------------------------------------------------------------
 $Sum :                      |     (*)$77308.41,100.00%       |        $77308.41,100.00%        |        $  770.36         |
 ₩Sum :                      |        100555049원              |        100555049원              |         1002007원         |
(*    : 해외주식평가금[실시간]($76517.75)에 주문가능현금($790.66)을 더한 값)





estimate_original) 아래 계산표에 거래수수료(≈$2.750)는 포함되지 않음
  VTI : [STOCK| AMEX| $236.63|  38주, $ 8991.94, 11.65%(12.00%)|  39주, $ 9228.57, 11.95%(12.00%)|   1주, $   236.63,-0.0462%| $236.63, $237.98 ]
  VEA : [STOCK| AMEX| $ 47.51| 200주, $ 9502.00, 12.31%(12.00%)| 194주, $ 9216.94, 11.94%(12.00%)|  -6주, $  -285.06,-0.0613%| $  0.00, $  0.00 ]
  VWO : [STOCK| AMEX| $ 40.29| 220주, $ 8863.80, 11.48%(12.00%)| 229주, $ 9226.41, 11.95%(12.00%)|   9주, $   362.61,-0.0490%| $ 36.35, $ 43.95 ]
  DBC : [ALTER| AMEX| $ 22.23| 250주, $ 5557.50,  7.20%( 7.00%)| 243주, $ 5401.89,  7.00%( 7.00%)|  -7주, $  -155.61,-0.0029%| $  0.00, $  0.00 ]
  IAU : [ALTER| AMEX| $ 39.01| 130주, $ 5071.30,  6.57%( 7.00%)| 138주, $ 5383.38,  6.97%( 7.00%)|   8주, $   312.08,-0.0269%| $ 38.97, $ 39.01 ]
  EDV : [ BOND| AMEX| $ 80.56| 180주, $14500.80, 18.78%(18.00%)| 172주, $13856.32, 17.95%(18.00%)|  -8주, $  -644.48,-0.0519%| $ 80.56, $ 88.56 ]
 LTPZ : [ BOND| AMEX| $ 56.72| 230주, $13045.60, 16.90%(18.00%)| 244주, $13839.68, 17.93%(18.00%)|  14주, $   794.08,-0.0735%| $ 42.50, $ 61.56 ]
 VCLT : [ BOND| NASD| $ 79.72|  70주, $ 5580.40,  7.23%( 7.00%)|  67주, $ 5341.24,  6.92%( 7.00%)|  -3주, $  -239.16,-0.0815%| $ 75.71, $ 79.72 ]
 EMLC : [ BOND| AMEX| $ 25.51| 210주, $ 5357.10,  6.94%( 7.00%)| 211주, $ 5382.61,  6.97%( 7.00%)|   1주, $    25.51,-0.0279%| $  0.00, $  0.00 ]
 Cash :                      |    (**)$  731.71,  0.95%       |        $  325.11,  0.42%        |                          |
-----------------------------------------------------------------------------------------------------------------------------
 $Sum :                      |     (*)$77202.15,100.00%       |        $77202.15,100.00%        |        $  406.60         |
 ₩Sum :                      |        100416841원              |        100416841원              |          528864원         |
(*    : 해외주식평가금[실시간]($76470.44)에 주문가능현금($731.71)을 더한 값)

estimate_adjusted_1) 아래 계산표에 거래수수료(≈$0.607)는 포함되지 않음
  VTI : [STOCK| AMEX| $236.63|  38주, $ 8991.94, 11.65%(12.00%)|  38주, $ 8991.94, 11.65%(12.00%)|   0주, $     0.00,-0.3527%| $236.63, $237.98 ]
  VEA : [STOCK| AMEX| $ 47.51| 200주, $ 9502.00, 12.31%(12.00%)| 200주, $ 9502.00, 12.31%(12.00%)|   0주, $     0.00, 0.3079%| $  0.00, $  0.00 ]
  VWO : [STOCK| AMEX| $ 40.29| 220주, $ 8863.80, 11.48%(12.00%)| 223주, $ 8984.67, 11.64%(12.00%)|   3주, $   120.87,-0.3622%| $ 36.35, $ 43.95 ]
  DBC : [ALTER| AMEX| $ 22.23| 250주, $ 5557.50,  7.20%( 7.00%)| 250주, $ 5557.50,  7.20%( 7.00%)|   0주, $     0.00, 0.1986%| $  0.00, $  0.00 ]
  IAU : [ALTER| AMEX| $ 39.01| 130주, $ 5071.30,  6.57%( 7.00%)| 134주, $ 5227.34,  6.77%( 7.00%)|   4주, $   156.04,-0.2290%| $ 38.97, $ 39.01 ]
  EDV : [ BOND| AMEX| $ 80.56| 180주, $14500.80, 18.78%(18.00%)| 180주, $14500.80, 18.78%(18.00%)|   0주, $     0.00, 0.7829%| $ 80.56, $ 88.56 ]
 LTPZ : [ BOND| AMEX| $ 56.72| 230주, $13045.60, 16.90%(18.00%)| 237주, $13442.64, 17.41%(18.00%)|   7주, $   397.04,-0.5877%| $ 42.50, $ 61.56 ]
 VCLT : [ BOND| NASD| $ 79.72|  70주, $ 5580.40,  7.23%( 7.00%)|  70주, $ 5580.40,  7.23%( 7.00%)|   0주, $     0.00, 0.2283%| $ 75.71, $ 79.72 ]
 EMLC : [ BOND| AMEX| $ 25.51| 210주, $ 5357.10,  6.94%( 7.00%)| 210주, $ 5357.10,  6.94%( 7.00%)|   0주, $     0.00,-0.0609%| $  0.00, $  0.00 ]
 Cash :                      |    (**)$  731.71,  0.95%       |        $   57.76,  0.07%        |                          |
-----------------------------------------------------------------------------------------------------------------------------
 $Sum :                      |     (*)$77202.15,100.00%       |        $77202.15,100.00%        |        $  673.95         |
 ₩Sum :                      |        100416841원              |        100416841원              |          876606원         |
(*    : 해외주식평가금[실시간]($76470.44)에 주문가능현금($731.71)을 더한 값)

Buy-only는 해당사항 없음, 매도 시 주문가능금액 차감액수 계산(전체 매도금액의 1.068% ~ 1.215% 가량 제외됨)
57.764 - 0.000(매도금액의 1.5%) = 57.764
매수 시 주문가능금액 차감액수 계산(기본 거래수수료인 전체 매수금액의 0.25%로 가정)
57.764 - 1.685(매수금액의 0.25%) = 56.079
>> 이미 위의 계산표대로 주문하고 난 후, 낱개주문한다고 가정 (즉, 수수료 계산이 보수적임)

'VWO': -0.3100 'IAU': -0.1785 'EMLC': -0.0279 'DBC': 0.2274 'VEA': 0.3695 
 VWO  (+1)     // 1.0020 * 1.0025 * $40.29(0.2%상향매수 * 0.25%거래수수료(가정) * 현재가)로 낱개구매 후 예상잔액 :$15.61

FINISHED

estimate_adjusted_2) 아래 계산표에 거래수수료(≈$0.643)는 포함되지 않음
  VTI : [STOCK| AMEX| $236.63|  38주, $ 8991.94, 11.65%(12.00%)|  38주, $ 8991.94, 11.65%(12.00%)|   0주, $     0.00,-0.3527%| $236.63, $237.98 ]
  VEA : [STOCK| AMEX| $ 47.51| 200주, $ 9502.00, 12.31%(12.00%)| 200주, $ 9502.00, 12.31%(12.00%)|   0주, $     0.00, 0.3079%| $  0.00, $  0.00 ]
  VWO : [STOCK| AMEX| $ 40.29| 220주, $ 8863.80, 11.48%(12.00%)| 224주, $ 9024.96, 11.69%(12.00%)|   4주, $   161.16,-0.3100%| $ 36.35, $ 43.95 ]
  DBC : [ALTER| AMEX| $ 22.23| 250주, $ 5557.50,  7.20%( 7.00%)| 250주, $ 5557.50,  7.20%( 7.00%)|   0주, $     0.00, 0.1986%| $  0.00, $  0.00 ]
  IAU : [ALTER| AMEX| $ 39.01| 130주, $ 5071.30,  6.57%( 7.00%)| 134주, $ 5227.34,  6.77%( 7.00%)|   4주, $   156.04,-0.2290%| $ 38.97, $ 39.01 ]
  EDV : [ BOND| AMEX| $ 80.56| 180주, $14500.80, 18.78%(18.00%)| 180주, $14500.80, 18.78%(18.00%)|   0주, $     0.00, 0.7829%| $ 80.56, $ 88.56 ]
 LTPZ : [ BOND| AMEX| $ 56.72| 230주, $13045.60, 16.90%(18.00%)| 237주, $13442.64, 17.41%(18.00%)|   7주, $   397.04,-0.5877%| $ 42.50, $ 61.56 ]
 VCLT : [ BOND| NASD| $ 79.72|  70주, $ 5580.40,  7.23%( 7.00%)|  70주, $ 5580.40,  7.23%( 7.00%)|   0주, $     0.00, 0.2283%| $ 75.71, $ 79.72 ]
 EMLC : [ BOND| AMEX| $ 25.51| 210주, $ 5357.10,  6.94%( 7.00%)| 210주, $ 5357.10,  6.94%( 7.00%)|   0주, $     0.00,-0.0609%| $  0.00, $  0.00 ]
 Cash :                      |    (**)$  731.71,  0.95%       |        $   17.47,  0.02%        |                          |
-----------------------------------------------------------------------------------------------------------------------------
 $Sum :                      |     (*)$77202.15,100.00%       |        $77202.15,100.00%        |        $  714.24         |
 ₩Sum :                      |        100416841원              |        100416841원              |          929011원         |
(*    : 해외주식평가금[실시간]($76470.44)에 주문가능현금($731.71)을 더한 값)

portfolio_output_nh1.json에 결과지를 남겼습니다.
portfolio_output_nh2.json에 결과지를 남겼습니다.

실행 시간: 32.81731 초







PortfolioCalculatorFillRed.py------------------------------------------------------------
현재 시각 : 2023-12-26 21:52:12, 토큰만료 시각: 2023-12-27 14:17:06
접근토큰이 유효하므로, 바로 진행하겠습니다.

Login : excel-editor-1

portfolio_output_nh1) 아래 계산표에 거래수수료(≈$0.693)는 포함되지 않음
  TLT : [ BOND| NASD| $ 98.66| 310주, $30584.60, 39.56%(40.00%)| 314주, $30979.24, 40.07%(40.00%)|   4주, $   394.64, 0.0723%| $ 98.65, $ 98.66 ]
BRK/B : [STOCK| NYSE| $356.80|  43주, $15342.40, 19.85%(20.00%)|  43주, $15342.40, 19.85%(20.00%)|   0주, $     0.00,-0.1543%| $356.60, $356.80 ]
  XLU : [STOCK| AMEX| $ 62.62| 120주, $ 7514.40,  9.72%(10.00%)| 126주, $ 7890.12, 10.21%(10.00%)|   6주, $   375.72, 0.2060%| $ 56.61, $ 68.63 ]
 AMZN : [STOCK| NASD| $153.99|  50주, $ 7699.50,  9.96%(10.00%)|  50주, $ 7699.50,  9.96%(10.00%)|   0주, $     0.00,-0.0405%| $153.99, $154.00 ]
 GOOG : [STOCK| NASD| $143.07|  55주, $ 7868.85, 10.18%(10.00%)|  55주, $ 7868.85, 10.18%(10.00%)|   0주, $     0.00, 0.1785%| $142.96, $143.05 ]
 MSFT : [STOCK| NASD| $375.40|  20주, $ 7508.00,  9.71%(10.00%)|  20주, $ 7508.00,  9.71%(10.00%)|   0주, $     0.00,-0.2882%| $375.30, $375.40 ]
 Cash :                      |    (**)$  790.66,  1.02%       |        $   20.30,  0.03%        |                          |
-----------------------------------------------------------------------------------------------------------------------------
 $Sum :                      |     (*)$77308.41,100.00%       |        $77308.41,100.00%        |        $  770.36         |
 ₩Sum :                      |        100555049원              |        100555049원              |         1002007원         |
(*    : 해외주식평가금[실시간]($76517.75)에 주문가능현금($790.66)을 더한 값)

portfolio_output_nh2) 아래 계산표에 거래수수료(≈$0.643)는 포함되지 않음
  VTI : [STOCK| AMEX| $236.63|  38주, $ 8991.94, 11.65%(12.00%)|  38주, $ 8991.94, 11.65%(12.00%)|   0주, $     0.00,-0.3527%| $236.63, $237.98 ]
  VEA : [STOCK| AMEX| $ 47.51| 200주, $ 9502.00, 12.31%(12.00%)| 200주, $ 9502.00, 12.31%(12.00%)|   0주, $     0.00, 0.3079%| $  0.00, $  0.00 ]
  VWO : [STOCK| AMEX| $ 40.29| 220주, $ 8863.80, 11.48%(12.00%)| 224주, $ 9024.96, 11.69%(12.00%)|   4주, $   161.16,-0.3100%| $ 36.35, $ 43.95 ]
  DBC : [ALTER| AMEX| $ 22.23| 250주, $ 5557.50,  7.20%( 7.00%)| 250주, $ 5557.50,  7.20%( 7.00%)|   0주, $     0.00, 0.1986%| $  0.00, $  0.00 ]
  IAU : [ALTER| AMEX| $ 39.01| 130주, $ 5071.30,  6.57%( 7.00%)| 134주, $ 5227.34,  6.77%( 7.00%)|   4주, $   156.04,-0.2290%| $ 38.97, $ 39.01 ]
  EDV : [ BOND| AMEX| $ 80.56| 180주, $14500.80, 18.78%(18.00%)| 180주, $14500.80, 18.78%(18.00%)|   0주, $     0.00, 0.7829%| $ 80.56, $ 88.56 ]
 LTPZ : [ BOND| AMEX| $ 56.72| 230주, $13045.60, 16.90%(18.00%)| 237주, $13442.64, 17.41%(18.00%)|   7주, $   397.04,-0.5877%| $ 42.50, $ 61.56 ]
 VCLT : [ BOND| NASD| $ 79.72|  70주, $ 5580.40,  7.23%( 7.00%)|  70주, $ 5580.40,  7.23%( 7.00%)|   0주, $     0.00, 0.2283%| $ 75.71, $ 79.72 ]
 EMLC : [ BOND| AMEX| $ 25.51| 210주, $ 5357.10,  6.94%( 7.00%)| 210주, $ 5357.10,  6.94%( 7.00%)|   0주, $     0.00,-0.0609%| $  0.00, $  0.00 ]
 Cash :                      |    (**)$  731.71,  0.95%       |        $   17.47,  0.02%        |                          |
-----------------------------------------------------------------------------------------------------------------------------
 $Sum :                      |     (*)$77202.15,100.00%       |        $77202.15,100.00%        |        $  714.24         |
 ₩Sum :                      |        100416841원              |        100416841원              |          929011원         |
(*    : 해외주식평가금[실시간]($76470.44)에 주문가능현금($731.71)을 더한 값)

portfolio_output_ki) 아래 계산표에 거래수수료(≈$6.350)는 포함되지 않음
  USO : [ALTER| AMEX| $ 69.06| 110주, $ 7596.60,  9.83%(10.00%)| 112주, $ 7734.72, 10.01%(10.00%)|   2주, $   138.12, 0.0109%| $ 69.04, $ 69.17 ]
  IAU : [ALTER| AMEX| $ 39.03|  79주, $ 3083.37,  3.99%( 4.00%)|  80주, $ 3122.40,  4.04%( 4.00%)|   1주, $    39.03, 0.0413%| $ 39.02, $ 39.03 ]
  DBC : [ALTER| AMEX| $ 22.23|  68주, $ 1511.64,  1.96%( 2.00%)|  71주, $ 1578.33,  2.04%( 2.00%)|   3주, $    66.69, 0.0428%| $  0.00, $  0.00 ]
  EWJ : [STOCK| AMEX| $ 63.33| 120주, $ 7599.60,  9.84%(10.00%)| 122주, $ 7726.26, 10.00%(10.00%)|   2주, $   126.66,-0.0001%| $  0.00, $  0.00 ]
  VOO : [STOCK| AMEX| $435.77|  17주, $ 7408.09,  9.59%(10.00%)|  17주, $ 7408.09,  9.59%(10.00%)|   0주, $     0.00,-0.4119%| $435.77, $435.83 ]
  VTI : [STOCK| AMEX| $236.63|  25주, $ 5915.75,  7.66%( 8.00%)|  26주, $ 6152.38,  7.96%( 8.00%)|   1주, $   236.63,-0.0371%| $236.63, $237.98 ]
 MCHI : [STOCK| NASD| $ 39.49| 112주, $ 4422.88,  5.72%( 6.00%)| 118주, $ 4659.82,  6.03%( 6.00%)|   6주, $   236.94, 0.0311%| $ 39.25, $ 39.49 ]
  EWH : [STOCK| AMEX| $ 16.97| 266주, $ 4514.02,  5.84%( 6.00%)| 276주, $ 4683.72,  6.06%( 6.00%)|  10주, $   169.70, 0.0620%| $  0.00, $  0.00 ]
  EZA : [STOCK| AMEX| $ 40.75| 110주, $ 4482.50,  5.80%( 6.00%)| 114주, $ 4645.50,  6.01%( 6.00%)|   4주, $   163.00, 0.0126%| $  0.00, $  0.00 ]
  VWO : [STOCK| AMEX| $ 40.29| 108주, $ 4351.32,  5.63%( 6.00%)| 116주, $ 4673.64,  6.05%( 6.00%)|   8주, $   322.32, 0.0490%| $ 36.35, $ 43.95 ]
  EWG : [STOCK| AMEX| $ 29.52|  76주, $ 2243.52,  2.90%( 3.00%)|   0주, $    0.00,  0.00%( 0.00%)| -76주, $ -2243.52, 0.0000%| $  0.00, $  0.00 ]
  EWC : [STOCK| AMEX| $ 36.43|  63주, $ 2295.09,  2.97%( 3.00%)| 128주, $ 4663.04,  6.04%( 6.00%)|  65주, $  2367.95, 0.0353%| $  0.00, $  0.00 ]
  EDV : [ BOND| AMEX| $ 80.56| 101주, $ 8136.56, 10.53%(10.00%)|  96주, $ 7733.76, 10.01%(10.00%)|  -5주, $  -402.80, 0.0097%| $ 80.56, $ 88.56 ]
 LTPZ : [ BOND| AMEX| $ 56.72| 126주, $ 7146.72,  9.25%( 9.00%)| 123주, $ 6976.56,  9.03%( 9.00%)|  -3주, $  -170.16, 0.0296%| $ 42.50, $ 61.56 ]
  IEF : [ BOND| NASD| $ 96.18|  26주, $ 2500.68,  3.24%( 3.00%)|  24주, $ 2308.32,  2.99%( 3.00%)|  -2주, $  -192.36,-0.0124%| $ 96.18, $ 96.20 ]
 EMLC : [ BOND| AMEX| $ 25.51|  58주, $ 1479.58,  1.91%( 2.00%)|  62주, $ 1581.62,  2.05%( 2.00%)|   4주, $   102.04, 0.0471%| $  0.00, $  0.00 ]
  HYG : [ BOND| AMEX| $ 77.47|  19주, $ 1471.93,  1.91%( 2.00%)|  20주, $ 1549.40,  2.01%( 2.00%)|   1주, $    77.47, 0.0054%| $  0.00, $  0.00 ]
 Cash :                      |    (**)$ 1103.19,  1.43%       |        $   65.48,  0.08%        |                          |
-----------------------------------------------------------------------------------------------------------------------------
 $Sum :                      |     (*)$77263.04,100.00%       |        $77263.04,100.00%        |        $ 1037.71         |
 ₩Sum :                      |        100496036원              |        100496036원              |         1349749원         |
(*    : 해외주식평가금[실시간]($76159.85)에 주문가능현금($1103.19)을 더한 값)

Loading...
(export)
TLT
BRK.B
XLU
AMZN
GOOG
MSFT
Updated target qty of 'portfolio_dict_nh1' to Google Sheet.

Loading...
(export)
VTI
VEA
VWO
DBC
IAU
EDV
LTPZ
VCLT
EMLC
Updated target qty of 'portfolio_dict_nh2' to Google Sheet.

Loading...
(export)
USO
IAU
DBC
EWJ
VOO
VTI
MCHI
EWH
EZA
VWO
EWG
EWC
EDV
LTPZ
IEF
EMLC
HYG
Updated target qty of 'portfolio_dict_ki' to Google Sheet.

실행 시간: 24.87464 초






